15:48:35.536 [http-nio-8080-exec-2] ERROR c.f.s.c.TokenService - [getLoginUser,68] - 获取用户信息异常: JWT expired at 2026-03-26T16:30:49Z. Current time: 2026-03-30T07:48:35Z, a difference of 314266534 milliseconds.  Allowed clock skew: 0 milliseconds.
20:49:10.087 [http-nio-8080-exec-36] ERROR c.f.s.c.TokenService - [getLoginUser,68] - 获取用户信息异常: JWT expired at 2026-03-30T12:49:06Z. Current time: 2026-03-30T12:49:10Z, a difference of 4087 milliseconds.  Allowed clock skew: 0 milliseconds.
20:49:16.500 [http-nio-8080-exec-37] ERROR c.f.s.c.TokenService - [getLoginUser,68] - 获取用户信息异常: JWT expired at 2026-03-30T12:49:06Z. Current time: 2026-03-30T12:49:16Z, a difference of 10500 milliseconds.  Allowed clock skew: 0 milliseconds.
20:49:20.253 [http-nio-8080-exec-38] ERROR c.f.s.c.TokenService - [getLoginUser,68] - 获取用户信息异常: JWT expired at 2026-03-30T12:49:06Z. Current time: 2026-03-30T12:49:20Z, a difference of 14253 milliseconds.  Allowed clock skew: 0 milliseconds.
20:49:32.814 [http-nio-8080-exec-40] ERROR c.f.s.c.TokenService - [getLoginUser,68] - 获取用户信息异常: JWT expired at 2026-03-30T12:49:06Z. Current time: 2026-03-30T12:49:32Z, a difference of 26814 milliseconds.  Allowed clock skew: 0 milliseconds.
20:49:40.359 [http-nio-8080-exec-39] ERROR c.f.s.c.TokenService - [getLoginUser,68] - 获取用户信息异常: JWT expired at 2026-03-30T12:49:06Z. Current time: 2026-03-30T12:49:40Z, a difference of 34359 milliseconds.  Allowed clock skew: 0 milliseconds.
20:49:51.079 [http-nio-8080-exec-81] ERROR c.f.s.c.TokenService - [getLoginUser,68] - 获取用户信息异常: JWT expired at 2026-03-30T12:49:06Z. Current time: 2026-03-30T12:49:51Z, a difference of 45079 milliseconds.  Allowed clock skew: 0 milliseconds.
20:50:05.862 [http-nio-8080-exec-41] ERROR c.f.s.c.TokenService - [getLoginUser,68] - 获取用户信息异常: JWT expired at 2026-03-30T12:49:06Z. Current time: 2026-03-30T12:50:05Z, a difference of 59862 milliseconds.  Allowed clock skew: 0 milliseconds.
20:50:10.248 [http-nio-8080-exec-43] ERROR c.f.s.c.TokenService - [getLoginUser,68] - 获取用户信息异常: JWT expired at 2026-03-30T12:49:06Z. Current time: 2026-03-30T12:50:10Z, a difference of 64248 milliseconds.  Allowed clock skew: 0 milliseconds.
20:50:15.288 [http-nio-8080-exec-46] ERROR c.f.s.c.TokenService - [getLoginUser,68] - 获取用户信息异常: JWT expired at 2026-03-30T12:49:06Z. Current time: 2026-03-30T12:50:15Z, a difference of 69288 milliseconds.  Allowed clock skew: 0 milliseconds.
20:50:17.533 [http-nio-8080-exec-83] ERROR c.f.s.c.TokenService - [getLoginUser,68] - 获取用户信息异常: JWT expired at 2026-03-30T12:49:06Z. Current time: 2026-03-30T12:50:17Z, a difference of 71533 milliseconds.  Allowed clock skew: 0 milliseconds.
20:50:31.195 [http-nio-8080-exec-44] ERROR c.f.s.c.TokenService - [getLoginUser,68] - 获取用户信息异常: JWT expired at 2026-03-30T12:49:06Z. Current time: 2026-03-30T12:50:31Z, a difference of 85195 milliseconds.  Allowed clock skew: 0 milliseconds.
20:50:37.693 [http-nio-8080-exec-45] ERROR c.f.s.c.TokenService - [getLoginUser,68] - 获取用户信息异常: JWT expired at 2026-03-30T12:49:06Z. Current time: 2026-03-30T12:50:37Z, a difference of 91693 milliseconds.  Allowed clock skew: 0 milliseconds.
20:50:52.448 [http-nio-8080-exec-48] ERROR c.f.s.c.TokenService - [getLoginUser,68] - 获取用户信息异常: JWT expired at 2026-03-30T12:49:06Z. Current time: 2026-03-30T12:50:52Z, a difference of 106448 milliseconds.  Allowed clock skew: 0 milliseconds.
20:50:56.373 [http-nio-8080-exec-49] ERROR c.f.s.c.TokenService - [getLoginUser,68] - 获取用户信息异常: JWT expired at 2026-03-30T12:49:06Z. Current time: 2026-03-30T12:50:56Z, a difference of 110373 milliseconds.  Allowed clock skew: 0 milliseconds.
20:50:59.486 [http-nio-8080-exec-13] ERROR c.f.s.c.TokenService - [getLoginUser,68] - 获取用户信息异常: JWT expired at 2026-03-30T12:49:06Z. Current time: 2026-03-30T12:50:59Z, a difference of 113486 milliseconds.  Allowed clock skew: 0 milliseconds.
20:51:04.005 [http-nio-8080-exec-53] ERROR c.f.s.c.TokenService - [getLoginUser,68] - 获取用户信息异常: JWT expired at 2026-03-30T12:49:06Z. Current time: 2026-03-30T12:51:04Z, a difference of 118004 milliseconds.  Allowed clock skew: 0 milliseconds.
20:51:13.967 [http-nio-8080-exec-50] ERROR c.f.s.c.TokenService - [getLoginUser,68] - 获取用户信息异常: JWT expired at 2026-03-30T12:49:06Z. Current time: 2026-03-30T12:51:13Z, a difference of 127967 milliseconds.  Allowed clock skew: 0 milliseconds.
20:51:23.025 [http-nio-8080-exec-51] ERROR c.f.s.c.TokenService - [getLoginUser,68] - 获取用户信息异常: JWT expired at 2026-03-30T12:49:06Z. Current time: 2026-03-30T12:51:23Z, a difference of 137025 milliseconds.  Allowed clock skew: 0 milliseconds.
20:51:38.254 [http-nio-8080-exec-96] ERROR c.f.s.c.TokenService - [getLoginUser,68] - 获取用户信息异常: JWT expired at 2026-03-30T12:49:06Z. Current time: 2026-03-30T12:51:38Z, a difference of 152254 milliseconds.  Allowed clock skew: 0 milliseconds.
20:51:41.950 [http-nio-8080-exec-55] ERROR c.f.s.c.TokenService - [getLoginUser,68] - 获取用户信息异常: JWT expired at 2026-03-30T12:49:06Z. Current time: 2026-03-30T12:51:41Z, a difference of 155950 milliseconds.  Allowed clock skew: 0 milliseconds.
20:51:49.216 [http-nio-8080-exec-99] ERROR c.f.s.c.TokenService - [getLoginUser,68] - 获取用户信息异常: JWT expired at 2026-03-30T12:49:06Z. Current time: 2026-03-30T12:51:49Z, a difference of 163216 milliseconds.  Allowed clock skew: 0 milliseconds.
20:51:55.673 [http-nio-8080-exec-57] ERROR c.f.s.c.TokenService - [getLoginUser,68] - 获取用户信息异常: JWT expired at 2026-03-30T12:49:06Z. Current time: 2026-03-30T12:51:55Z, a difference of 169673 milliseconds.  Allowed clock skew: 0 milliseconds.
20:51:58.915 [http-nio-8080-exec-58] ERROR c.f.s.c.TokenService - [getLoginUser,68] - 获取用户信息异常: JWT expired at 2026-03-30T12:49:06Z. Current time: 2026-03-30T12:51:58Z, a difference of 172915 milliseconds.  Allowed clock skew: 0 milliseconds.
20:52:05.603 [http-nio-8080-exec-19] ERROR c.f.s.c.TokenService - [getLoginUser,68] - 获取用户信息异常: JWT expired at 2026-03-30T12:49:06Z. Current time: 2026-03-30T12:52:05Z, a difference of 179602 milliseconds.  Allowed clock skew: 0 milliseconds.
20:52:11.182 [http-nio-8080-exec-60] ERROR c.f.s.c.TokenService - [getLoginUser,68] - 获取用户信息异常: JWT expired at 2026-03-30T12:49:06Z. Current time: 2026-03-30T12:52:11Z, a difference of 185182 milliseconds.  Allowed clock skew: 0 milliseconds.
20:52:14.728 [http-nio-8080-exec-61] ERROR c.f.s.c.TokenService - [getLoginUser,68] - 获取用户信息异常: JWT expired at 2026-03-30T12:49:06Z. Current time: 2026-03-30T12:52:14Z, a difference of 188727 milliseconds.  Allowed clock skew: 0 milliseconds.
20:52:25.858 [http-nio-8080-exec-63] ERROR c.f.s.c.TokenService - [getLoginUser,68] - 获取用户信息异常: JWT expired at 2026-03-30T12:49:06Z. Current time: 2026-03-30T12:52:25Z, a difference of 199858 milliseconds.  Allowed clock skew: 0 milliseconds.
20:52:31.584 [http-nio-8080-exec-25] ERROR c.f.s.c.TokenService - [getLoginUser,68] - 获取用户信息异常: JWT expired at 2026-03-30T12:49:06Z. Current time: 2026-03-30T12:52:31Z, a difference of 205584 milliseconds.  Allowed clock skew: 0 milliseconds.
20:52:41.928 [http-nio-8080-exec-62] ERROR c.f.s.c.TokenService - [getLoginUser,68] - 获取用户信息异常: JWT expired at 2026-03-30T12:49:06Z. Current time: 2026-03-30T12:52:41Z, a difference of 215928 milliseconds.  Allowed clock skew: 0 milliseconds.
20:52:50.868 [http-nio-8080-exec-66] ERROR c.f.s.c.TokenService - [getLoginUser,68] - 获取用户信息异常: JWT expired at 2026-03-30T12:49:06Z. Current time: 2026-03-30T12:52:50Z, a difference of 224868 milliseconds.  Allowed clock skew: 0 milliseconds.
20:52:56.734 [http-nio-8080-exec-67] ERROR c.f.s.c.TokenService - [getLoginUser,68] - 获取用户信息异常: JWT expired at 2026-03-30T12:49:06Z. Current time: 2026-03-30T12:52:56Z, a difference of 230734 milliseconds.  Allowed clock skew: 0 milliseconds.
20:53:02.217 [http-nio-8080-exec-64] ERROR c.f.s.c.TokenService - [getLoginUser,68] - 获取用户信息异常: JWT expired at 2026-03-30T12:49:06Z. Current time: 2026-03-30T12:53:02Z, a difference of 236217 milliseconds.  Allowed clock skew: 0 milliseconds.
20:53:16.670 [http-nio-8080-exec-68] ERROR c.f.s.c.TokenService - [getLoginUser,68] - 获取用户信息异常: JWT expired at 2026-03-30T12:49:06Z. Current time: 2026-03-30T12:53:16Z, a difference of 250670 milliseconds.  Allowed clock skew: 0 milliseconds.
20:53:24.107 [http-nio-8080-exec-30] ERROR c.f.s.c.TokenService - [getLoginUser,68] - 获取用户信息异常: JWT expired at 2026-03-30T12:49:06Z. Current time: 2026-03-30T12:53:24Z, a difference of 258107 milliseconds.  Allowed clock skew: 0 milliseconds.
20:53:39.542 [http-nio-8080-exec-71] ERROR c.f.s.c.TokenService - [getLoginUser,68] - 获取用户信息异常: JWT expired at 2026-03-30T12:49:06Z. Current time: 2026-03-30T12:53:39Z, a difference of 273542 milliseconds.  Allowed clock skew: 0 milliseconds.
20:53:42.209 [http-nio-8080-exec-70] ERROR c.f.s.c.TokenService - [getLoginUser,68] - 获取用户信息异常: JWT expired at 2026-03-30T12:49:06Z. Current time: 2026-03-30T12:53:42Z, a difference of 276209 milliseconds.  Allowed clock skew: 0 milliseconds.
20:53:54.516 [http-nio-8080-exec-31] ERROR c.f.s.c.TokenService - [getLoginUser,68] - 获取用户信息异常: JWT expired at 2026-03-30T12:49:06Z. Current time: 2026-03-30T12:53:54Z, a difference of 288516 milliseconds.  Allowed clock skew: 0 milliseconds.
20:54:04.213 [http-nio-8080-exec-73] ERROR c.f.s.c.TokenService - [getLoginUser,68] - 获取用户信息异常: JWT expired at 2026-03-30T12:49:06Z. Current time: 2026-03-30T12:54:04Z, a difference of 298212 milliseconds.  Allowed clock skew: 0 milliseconds.
21:37:38.056 [http-nio-8080-exec-1] ERROR c.f.s.e.GlobalExceptionHandler - [handleRuntimeException,24] - 运行时异常: 
java.lang.RuntimeException: 余额不足, 请充值后再下单
	at com.fast.take.service.impl.OrderServiceImpl.insertOrder(OrderServiceImpl.java:87)
	at java.base/jdk.internal.reflect.DirectMethodHandleAccessor.invoke(DirectMethodHandleAccessor.java:103)
	at java.base/java.lang.reflect.Method.invoke(Method.java:580)
	at org.springframework.aop.support.AopUtils.invokeJoinpointUsingReflection(AopUtils.java:360)
	at org.springframework.aop.framework.ReflectiveMethodInvocation.invokeJoinpoint(ReflectiveMethodInvocation.java:196)
	at org.springframework.aop.framework.ReflectiveMethodInvocation.proceed(ReflectiveMethodInvocation.java:163)
	at org.springframework.transaction.interceptor.TransactionAspectSupport.invokeWithinTransaction(TransactionAspectSupport.java:380)
	at org.springframework.transaction.interceptor.TransactionInterceptor.invoke(TransactionInterceptor.java:119)
	at org.springframework.aop.framework.ReflectiveMethodInvocation.proceed(ReflectiveMethodInvocation.java:184)
	at org.springframework.aop.framework.CglibAopProxy$DynamicAdvisedInterceptor.intercept(CglibAopProxy.java:728)
	at com.fast.take.service.impl.OrderServiceImpl$$SpringCGLIB$$0.insertOrder(<generated>)
	at com.fast.take.controller.OrderController.add(OrderController.java:56)
	at java.base/jdk.internal.reflect.DirectMethodHandleAccessor.invoke(DirectMethodHandleAccessor.java:103)
	at java.base/java.lang.reflect.Method.invoke(Method.java:580)
	at org.springframework.web.method.support.InvocableHandlerMethod.doInvoke(InvocableHandlerMethod.java:258)
	at org.springframework.web.method.support.InvocableHandlerMethod.invokeForRequest(InvocableHandlerMethod.java:191)
	at org.springframework.web.servlet.mvc.method.annotation.ServletInvocableHandlerMethod.invokeAndHandle(ServletInvocableHandlerMethod.java:118)
	at org.springframework.web.servlet.mvc.method.annotation.RequestMappingHandlerAdapter.invokeHandlerMethod(RequestMappingHandlerAdapter.java:991)
	at org.springframework.web.servlet.mvc.method.annotation.RequestMappingHandlerAdapter.handleInternal(RequestMappingHandlerAdapter.java:896)
	at org.springframework.web.servlet.mvc.method.AbstractHandlerMethodAdapter.handle(AbstractHandlerMethodAdapter.java:87)
	at org.springframework.web.servlet.DispatcherServlet.doDispatch(DispatcherServlet.java:1089)
	at org.springframework.web.servlet.DispatcherServlet.doService(DispatcherServlet.java:979)
	at org.springframework.web.servlet.FrameworkServlet.processRequest(FrameworkServlet.java:1014)
	at org.springframework.web.servlet.FrameworkServlet.doPost(FrameworkServlet.java:914)
	at jakarta.servlet.http.HttpServlet.service(HttpServlet.java:590)
	at org.springframework.web.servlet.FrameworkServlet.service(FrameworkServlet.java:885)
	at jakarta.servlet.http.HttpServlet.service(HttpServlet.java:658)
	at org.apache.catalina.core.ApplicationFilterChain.internalDoFilter(ApplicationFilterChain.java:193)
	at org.apache.catalina.core.ApplicationFilterChain.doFilter(ApplicationFilterChain.java:138)
	at org.apache.tomcat.websocket.server.WsFilter.doFilter(WsFilter.java:51)
	at org.apache.catalina.core.ApplicationFilterChain.internalDoFilter(ApplicationFilterChain.java:162)
	at org.apache.catalina.core.ApplicationFilterChain.doFilter(ApplicationFilterChain.java:138)
	at org.springframework.web.filter.OncePerRequestFilter.doFilter(OncePerRequestFilter.java:110)
	at org.apache.catalina.core.ApplicationFilterChain.internalDoFilter(ApplicationFilterChain.java:162)
	at org.apache.catalina.core.ApplicationFilterChain.doFilter(ApplicationFilterChain.java:138)
	at org.springframework.web.filter.OncePerRequestFilter.doFilter(OncePerRequestFilter.java:110)
	at org.apache.catalina.core.ApplicationFilterChain.internalDoFilter(ApplicationFilterChain.java:162)
	at org.apache.catalina.core.ApplicationFilterChain.doFilter(ApplicationFilterChain.java:138)
	at org.springframework.web.filter.CompositeFilter$VirtualFilterChain.doFilter(CompositeFilter.java:108)
	at org.springframework.web.filter.CompositeFilter$VirtualFilterChain.doFilter(CompositeFilter.java:108)
	at org.springframework.security.web.FilterChainProxy.lambda$doFilterInternal$3(FilterChainProxy.java:231)
	at org.springframework.security.web.FilterChainProxy$VirtualFilterChain.doFilter(FilterChainProxy.java:365)
	at org.springframework.security.web.access.intercept.AuthorizationFilter.doFilter(AuthorizationFilter.java:101)
	at org.springframework.security.web.FilterChainProxy$VirtualFilterChain.doFilter(FilterChainProxy.java:374)
	at org.springframework.security.web.access.ExceptionTranslationFilter.doFilter(ExceptionTranslationFilter.java:125)
	at org.springframework.security.web.access.ExceptionTranslationFilter.doFilter(ExceptionTranslationFilter.java:119)
	at org.springframework.security.web.FilterChainProxy$VirtualFilterChain.doFilter(FilterChainProxy.java:374)
	at org.springframework.security.web.session.SessionManagementFilter.doFilter(SessionManagementFilter.java:131)
	at org.springframework.security.web.session.SessionManagementFilter.doFilter(SessionManagementFilter.java:85)
	at org.springframework.security.web.FilterChainProxy$VirtualFilterChain.doFilter(FilterChainProxy.java:374)
	at org.springframework.security.web.authentication.AnonymousAuthenticationFilter.doFilter(AnonymousAuthenticationFilter.java:100)
	at org.springframework.security.web.FilterChainProxy$VirtualFilterChain.doFilter(FilterChainProxy.java:374)
	at org.springframework.security.web.servletapi.SecurityContextHolderAwareRequestFilter.doFilter(SecurityContextHolderAwareRequestFilter.java:179)
	at org.springframework.security.web.FilterChainProxy$VirtualFilterChain.doFilter(FilterChainProxy.java:374)
	at org.springframework.security.web.savedrequest.RequestCacheAwareFilter.doFilter(RequestCacheAwareFilter.java:63)
	at org.springframework.security.web.FilterChainProxy$VirtualFilterChain.doFilter(FilterChainProxy.java:374)
	at com.fast.system.configure.JwtAuthenticationTokenFilter.doFilterInternal(JwtAuthenticationTokenFilter.java:44)
	at org.springframework.web.filter.OncePerRequestFilter.doFilter(OncePerRequestFilter.java:116)
	at org.springframework.security.web.FilterChainProxy$VirtualFilterChain.doFilter(FilterChainProxy.java:374)
	at org.springframework.web.filter.OncePerRequestFilter.doFilter(OncePerRequestFilter.java:110)
	at org.springframework.security.web.FilterChainProxy$VirtualFilterChain.doFilter(FilterChainProxy.java:374)
	at org.springframework.security.web.authentication.logout.LogoutFilter.doFilter(LogoutFilter.java:107)
	at org.springframework.security.web.authentication.logout.LogoutFilter.doFilter(LogoutFilter.java:93)
	at org.springframework.security.web.FilterChainProxy$VirtualFilterChain.doFilter(FilterChainProxy.java:374)
	at org.springframework.web.filter.CorsFilter.doFilterInternal(CorsFilter.java:91)
	at org.springframework.web.filter.OncePerRequestFilter.doFilter(OncePerRequestFilter.java:116)
	at org.springframework.security.web.FilterChainProxy$VirtualFilterChain.doFilter(FilterChainProxy.java:374)
	at org.springframework.security.web.header.HeaderWriterFilter.doHeadersAfter(HeaderWriterFilter.java:90)
	at org.springframework.security.web.header.HeaderWriterFilter.doFilterInternal(HeaderWriterFilter.java:75)
	at org.springframework.web.filter.OncePerRequestFilter.doFilter(OncePerRequestFilter.java:116)
	at org.springframework.security.web.FilterChainProxy$VirtualFilterChain.doFilter(FilterChainProxy.java:374)
	at org.springframework.security.web.context.SecurityContextHolderFilter.doFilter(SecurityContextHolderFilter.java:82)
	at org.springframework.security.web.context.SecurityContextHolderFilter.doFilter(SecurityContextHolderFilter.java:69)
	at org.springframework.security.web.FilterChainProxy$VirtualFilterChain.doFilter(FilterChainProxy.java:374)
	at org.springframework.security.web.context.request.async.WebAsyncManagerIntegrationFilter.doFilterInternal(WebAsyncManagerIntegrationFilter.java:62)
	at org.springframework.web.filter.OncePerRequestFilter.doFilter(OncePerRequestFilter.java:116)
	at org.springframework.security.web.FilterChainProxy$VirtualFilterChain.doFilter(FilterChainProxy.java:374)
	at org.springframework.security.web.session.DisableEncodeUrlFilter.doFilterInternal(DisableEncodeUrlFilter.java:42)
	at org.springframework.web.filter.OncePerRequestFilter.doFilter(OncePerRequestFilter.java:116)
	at org.springframework.security.web.FilterChainProxy$VirtualFilterChain.doFilter(FilterChainProxy.java:374)
	at org.springframework.security.web.FilterChainProxy.doFilterInternal(FilterChainProxy.java:233)
	at org.springframework.security.web.FilterChainProxy.doFilter(FilterChainProxy.java:191)
	at org.springframework.web.filter.CompositeFilter$VirtualFilterChain.doFilter(CompositeFilter.java:113)
	at org.springframework.web.filter.ServletRequestPathFilter.doFilter(ServletRequestPathFilter.java:52)
	at org.springframework.web.filter.CompositeFilter$VirtualFilterChain.doFilter(CompositeFilter.java:113)
	at org.springframework.web.filter.CompositeFilter.doFilter(CompositeFilter.java:74)
	at org.springframework.security.config.annotation.web.configuration.WebSecurityConfiguration$CompositeFilterChainProxy.doFilter(WebSecurityConfiguration.java:319)
	at org.springframework.web.filter.CompositeFilter$VirtualFilterChain.doFilter(CompositeFilter.java:113)
	at org.springframework.web.servlet.handler.HandlerMappingIntrospector.lambda$createCacheFilter$4(HandlerMappingIntrospector.java:267)
	at org.springframework.web.filter.CompositeFilter$VirtualFilterChain.doFilter(CompositeFilter.java:113)
	at org.springframework.web.filter.CompositeFilter.doFilter(CompositeFilter.java:74)
	at org.springframework.security.config.annotation.web.configuration.WebMvcSecurityConfiguration$CompositeFilterChainProxy.doFilter(WebMvcSecurityConfiguration.java:240)
	at org.springframework.web.filter.DelegatingFilterProxy.invokeDelegate(DelegatingFilterProxy.java:362)
	at org.springframework.web.filter.DelegatingFilterProxy.doFilter(DelegatingFilterProxy.java:278)
	at org.apache.catalina.core.ApplicationFilterChain.internalDoFilter(ApplicationFilterChain.java:162)
	at org.apache.catalina.core.ApplicationFilterChain.doFilter(ApplicationFilterChain.java:138)
	at org.springframework.web.filter.RequestContextFilter.doFilterInternal(RequestContextFilter.java:100)
	at org.springframework.web.filter.OncePerRequestFilter.doFilter(OncePerRequestFilter.java:116)
	at org.apache.catalina.core.ApplicationFilterChain.internalDoFilter(ApplicationFilterChain.java:162)
	at org.apache.catalina.core.ApplicationFilterChain.doFilter(ApplicationFilterChain.java:138)
	at org.springframework.web.filter.FormContentFilter.doFilterInternal(FormContentFilter.java:93)
	at org.springframework.web.filter.OncePerRequestFilter.doFilter(OncePerRequestFilter.java:116)
	at org.apache.catalina.core.ApplicationFilterChain.internalDoFilter(ApplicationFilterChain.java:162)
	at org.apache.catalina.core.ApplicationFilterChain.doFilter(ApplicationFilterChain.java:138)
	at org.springframework.web.filter.CharacterEncodingFilter.doFilterInternal(CharacterEncodingFilter.java:201)
	at org.springframework.web.filter.OncePerRequestFilter.doFilter(OncePerRequestFilter.java:116)
	at org.apache.catalina.core.ApplicationFilterChain.internalDoFilter(ApplicationFilterChain.java:162)
	at org.apache.catalina.core.ApplicationFilterChain.doFilter(ApplicationFilterChain.java:138)
	at org.apache.catalina.core.StandardWrapperValve.invoke(StandardWrapperValve.java:165)
	at org.apache.catalina.core.StandardContextValve.invoke(StandardContextValve.java:88)
	at org.apache.catalina.authenticator.AuthenticatorBase.invoke(AuthenticatorBase.java:482)
	at org.apache.catalina.core.StandardHostValve.invoke(StandardHostValve.java:113)
	at org.apache.catalina.valves.ErrorReportValve.invoke(ErrorReportValve.java:83)
	at org.apache.catalina.core.StandardEngineValve.invoke(StandardEngineValve.java:72)
	at org.apache.catalina.connector.CoyoteAdapter.service(CoyoteAdapter.java:342)
	at org.apache.coyote.http11.Http11Processor.service(Http11Processor.java:399)
	at org.apache.coyote.AbstractProcessorLight.process(AbstractProcessorLight.java:63)
	at org.apache.coyote.AbstractProtocol$ConnectionHandler.process(AbstractProtocol.java:903)
	at org.apache.tomcat.util.net.NioEndpoint$SocketProcessor.doRun(NioEndpoint.java:1774)
	at org.apache.tomcat.util.net.SocketProcessorBase.run(SocketProcessorBase.java:52)
	at org.apache.tomcat.util.threads.ThreadPoolExecutor.runWorker(ThreadPoolExecutor.java:973)
	at org.apache.tomcat.util.threads.ThreadPoolExecutor$Worker.run(ThreadPoolExecutor.java:491)
	at org.apache.tomcat.util.threads.TaskThread$WrappingRunnable.run(TaskThread.java:63)
	at java.base/java.lang.Thread.run(Thread.java:1583)
21:39:52.490 [http-nio-8080-exec-18] ERROR c.f.s.e.GlobalExceptionHandler - [handleRuntimeException,24] - 运行时异常: 
java.lang.RuntimeException: 余额不足, 请充值后再下单
	at com.fast.take.service.impl.OrderServiceImpl.insertOrder(OrderServiceImpl.java:87)
	at java.base/jdk.internal.reflect.DirectMethodHandleAccessor.invoke(DirectMethodHandleAccessor.java:103)
	at java.base/java.lang.reflect.Method.invoke(Method.java:580)
	at org.springframework.aop.support.AopUtils.invokeJoinpointUsingReflection(AopUtils.java:360)
	at org.springframework.aop.framework.ReflectiveMethodInvocation.invokeJoinpoint(ReflectiveMethodInvocation.java:196)
	at org.springframework.aop.framework.ReflectiveMethodInvocation.proceed(ReflectiveMethodInvocation.java:163)
	at org.springframework.transaction.interceptor.TransactionAspectSupport.invokeWithinTransaction(TransactionAspectSupport.java:380)
	at org.springframework.transaction.interceptor.TransactionInterceptor.invoke(TransactionInterceptor.java:119)
	at org.springframework.aop.framework.ReflectiveMethodInvocation.proceed(ReflectiveMethodInvocation.java:184)
	at org.springframework.aop.framework.CglibAopProxy$DynamicAdvisedInterceptor.intercept(CglibAopProxy.java:728)
	at com.fast.take.service.impl.OrderServiceImpl$$SpringCGLIB$$0.insertOrder(<generated>)
	at com.fast.take.controller.OrderController.add(OrderController.java:56)
	at java.base/jdk.internal.reflect.DirectMethodHandleAccessor.invoke(DirectMethodHandleAccessor.java:103)
	at java.base/java.lang.reflect.Method.invoke(Method.java:580)
	at org.springframework.web.method.support.InvocableHandlerMethod.doInvoke(InvocableHandlerMethod.java:258)
	at org.springframework.web.method.support.InvocableHandlerMethod.invokeForRequest(InvocableHandlerMethod.java:191)
	at org.springframework.web.servlet.mvc.method.annotation.ServletInvocableHandlerMethod.invokeAndHandle(ServletInvocableHandlerMethod.java:118)
	at org.springframework.web.servlet.mvc.method.annotation.RequestMappingHandlerAdapter.invokeHandlerMethod(RequestMappingHandlerAdapter.java:991)
	at org.springframework.web.servlet.mvc.method.annotation.RequestMappingHandlerAdapter.handleInternal(RequestMappingHandlerAdapter.java:896)
	at org.springframework.web.servlet.mvc.method.AbstractHandlerMethodAdapter.handle(AbstractHandlerMethodAdapter.java:87)
	at org.springframework.web.servlet.DispatcherServlet.doDispatch(DispatcherServlet.java:1089)
	at org.springframework.web.servlet.DispatcherServlet.doService(DispatcherServlet.java:979)
	at org.springframework.web.servlet.FrameworkServlet.processRequest(FrameworkServlet.java:1014)
	at org.springframework.web.servlet.FrameworkServlet.doPost(FrameworkServlet.java:914)
	at jakarta.servlet.http.HttpServlet.service(HttpServlet.java:590)
	at org.springframework.web.servlet.FrameworkServlet.service(FrameworkServlet.java:885)
	at jakarta.servlet.http.HttpServlet.service(HttpServlet.java:658)
	at org.apache.catalina.core.ApplicationFilterChain.internalDoFilter(ApplicationFilterChain.java:193)
	at org.apache.catalina.core.ApplicationFilterChain.doFilter(ApplicationFilterChain.java:138)
	at org.apache.tomcat.websocket.server.WsFilter.doFilter(WsFilter.java:51)
	at org.apache.catalina.core.ApplicationFilterChain.internalDoFilter(ApplicationFilterChain.java:162)
	at org.apache.catalina.core.ApplicationFilterChain.doFilter(ApplicationFilterChain.java:138)
	at org.springframework.web.filter.OncePerRequestFilter.doFilter(OncePerRequestFilter.java:110)
	at org.apache.catalina.core.ApplicationFilterChain.internalDoFilter(ApplicationFilterChain.java:162)
	at org.apache.catalina.core.ApplicationFilterChain.doFilter(ApplicationFilterChain.java:138)
	at org.springframework.web.filter.OncePerRequestFilter.doFilter(OncePerRequestFilter.java:110)
	at org.apache.catalina.core.ApplicationFilterChain.internalDoFilter(ApplicationFilterChain.java:162)
	at org.apache.catalina.core.ApplicationFilterChain.doFilter(ApplicationFilterChain.java:138)
	at org.springframework.web.filter.CompositeFilter$VirtualFilterChain.doFilter(CompositeFilter.java:108)
	at org.springframework.web.filter.CompositeFilter$VirtualFilterChain.doFilter(CompositeFilter.java:108)
	at org.springframework.security.web.FilterChainProxy.lambda$doFilterInternal$3(FilterChainProxy.java:231)
	at org.springframework.security.web.FilterChainProxy$VirtualFilterChain.doFilter(FilterChainProxy.java:365)
	at org.springframework.security.web.access.intercept.AuthorizationFilter.doFilter(AuthorizationFilter.java:101)
	at org.springframework.security.web.FilterChainProxy$VirtualFilterChain.doFilter(FilterChainProxy.java:374)
	at org.springframework.security.web.access.ExceptionTranslationFilter.doFilter(ExceptionTranslationFilter.java:125)
	at org.springframework.security.web.access.ExceptionTranslationFilter.doFilter(ExceptionTranslationFilter.java:119)
	at org.springframework.security.web.FilterChainProxy$VirtualFilterChain.doFilter(FilterChainProxy.java:374)
	at org.springframework.security.web.session.SessionManagementFilter.doFilter(SessionManagementFilter.java:131)
	at org.springframework.security.web.session.SessionManagementFilter.doFilter(SessionManagementFilter.java:85)
	at org.springframework.security.web.FilterChainProxy$VirtualFilterChain.doFilter(FilterChainProxy.java:374)
	at org.springframework.security.web.authentication.AnonymousAuthenticationFilter.doFilter(AnonymousAuthenticationFilter.java:100)
	at org.springframework.security.web.FilterChainProxy$VirtualFilterChain.doFilter(FilterChainProxy.java:374)
	at org.springframework.security.web.servletapi.SecurityContextHolderAwareRequestFilter.doFilter(SecurityContextHolderAwareRequestFilter.java:179)
	at org.springframework.security.web.FilterChainProxy$VirtualFilterChain.doFilter(FilterChainProxy.java:374)
	at org.springframework.security.web.savedrequest.RequestCacheAwareFilter.doFilter(RequestCacheAwareFilter.java:63)
	at org.springframework.security.web.FilterChainProxy$VirtualFilterChain.doFilter(FilterChainProxy.java:374)
	at com.fast.system.configure.JwtAuthenticationTokenFilter.doFilterInternal(JwtAuthenticationTokenFilter.java:44)
	at org.springframework.web.filter.OncePerRequestFilter.doFilter(OncePerRequestFilter.java:116)
	at org.springframework.security.web.FilterChainProxy$VirtualFilterChain.doFilter(FilterChainProxy.java:374)
	at org.springframework.web.filter.OncePerRequestFilter.doFilter(OncePerRequestFilter.java:110)
	at org.springframework.security.web.FilterChainProxy$VirtualFilterChain.doFilter(FilterChainProxy.java:374)
	at org.springframework.security.web.authentication.logout.LogoutFilter.doFilter(LogoutFilter.java:107)
	at org.springframework.security.web.authentication.logout.LogoutFilter.doFilter(LogoutFilter.java:93)
	at org.springframework.security.web.FilterChainProxy$VirtualFilterChain.doFilter(FilterChainProxy.java:374)
	at org.springframework.web.filter.CorsFilter.doFilterInternal(CorsFilter.java:91)
	at org.springframework.web.filter.OncePerRequestFilter.doFilter(OncePerRequestFilter.java:116)
	at org.springframework.security.web.FilterChainProxy$VirtualFilterChain.doFilter(FilterChainProxy.java:374)
	at org.springframework.security.web.header.HeaderWriterFilter.doHeadersAfter(HeaderWriterFilter.java:90)
	at org.springframework.security.web.header.HeaderWriterFilter.doFilterInternal(HeaderWriterFilter.java:75)
	at org.springframework.web.filter.OncePerRequestFilter.doFilter(OncePerRequestFilter.java:116)
	at org.springframework.security.web.FilterChainProxy$VirtualFilterChain.doFilter(FilterChainProxy.java:374)
	at org.springframework.security.web.context.SecurityContextHolderFilter.doFilter(SecurityContextHolderFilter.java:82)
	at org.springframework.security.web.context.SecurityContextHolderFilter.doFilter(SecurityContextHolderFilter.java:69)
	at org.springframework.security.web.FilterChainProxy$VirtualFilterChain.doFilter(FilterChainProxy.java:374)
	at org.springframework.security.web.context.request.async.WebAsyncManagerIntegrationFilter.doFilterInternal(WebAsyncManagerIntegrationFilter.java:62)
	at org.springframework.web.filter.OncePerRequestFilter.doFilter(OncePerRequestFilter.java:116)
	at org.springframework.security.web.FilterChainProxy$VirtualFilterChain.doFilter(FilterChainProxy.java:374)
	at org.springframework.security.web.session.DisableEncodeUrlFilter.doFilterInternal(DisableEncodeUrlFilter.java:42)
	at org.springframework.web.filter.OncePerRequestFilter.doFilter(OncePerRequestFilter.java:116)
	at org.springframework.security.web.FilterChainProxy$VirtualFilterChain.doFilter(FilterChainProxy.java:374)
	at org.springframework.security.web.FilterChainProxy.doFilterInternal(FilterChainProxy.java:233)
	at org.springframework.security.web.FilterChainProxy.doFilter(FilterChainProxy.java:191)
	at org.springframework.web.filter.CompositeFilter$VirtualFilterChain.doFilter(CompositeFilter.java:113)
	at org.springframework.web.filter.ServletRequestPathFilter.doFilter(ServletRequestPathFilter.java:52)
	at org.springframework.web.filter.CompositeFilter$VirtualFilterChain.doFilter(CompositeFilter.java:113)
	at org.springframework.web.filter.CompositeFilter.doFilter(CompositeFilter.java:74)
	at org.springframework.security.config.annotation.web.configuration.WebSecurityConfiguration$CompositeFilterChainProxy.doFilter(WebSecurityConfiguration.java:319)
	at org.springframework.web.filter.CompositeFilter$VirtualFilterChain.doFilter(CompositeFilter.java:113)
	at org.springframework.web.servlet.handler.HandlerMappingIntrospector.lambda$createCacheFilter$4(HandlerMappingIntrospector.java:267)
	at org.springframework.web.filter.CompositeFilter$VirtualFilterChain.doFilter(CompositeFilter.java:113)
	at org.springframework.web.filter.CompositeFilter.doFilter(CompositeFilter.java:74)
	at org.springframework.security.config.annotation.web.configuration.WebMvcSecurityConfiguration$CompositeFilterChainProxy.doFilter(WebMvcSecurityConfiguration.java:240)
	at org.springframework.web.filter.DelegatingFilterProxy.invokeDelegate(DelegatingFilterProxy.java:362)
	at org.springframework.web.filter.DelegatingFilterProxy.doFilter(DelegatingFilterProxy.java:278)
	at org.apache.catalina.core.ApplicationFilterChain.internalDoFilter(ApplicationFilterChain.java:162)
	at org.apache.catalina.core.ApplicationFilterChain.doFilter(ApplicationFilterChain.java:138)
	at org.springframework.web.filter.RequestContextFilter.doFilterInternal(RequestContextFilter.java:100)
	at org.springframework.web.filter.OncePerRequestFilter.doFilter(OncePerRequestFilter.java:116)
	at org.apache.catalina.core.ApplicationFilterChain.internalDoFilter(ApplicationFilterChain.java:162)
	at org.apache.catalina.core.ApplicationFilterChain.doFilter(ApplicationFilterChain.java:138)
	at org.springframework.web.filter.FormContentFilter.doFilterInternal(FormContentFilter.java:93)
	at org.springframework.web.filter.OncePerRequestFilter.doFilter(OncePerRequestFilter.java:116)
	at org.apache.catalina.core.ApplicationFilterChain.internalDoFilter(ApplicationFilterChain.java:162)
	at org.apache.catalina.core.ApplicationFilterChain.doFilter(ApplicationFilterChain.java:138)
	at org.springframework.web.filter.CharacterEncodingFilter.doFilterInternal(CharacterEncodingFilter.java:201)
	at org.springframework.web.filter.OncePerRequestFilter.doFilter(OncePerRequestFilter.java:116)
	at org.apache.catalina.core.ApplicationFilterChain.internalDoFilter(ApplicationFilterChain.java:162)
	at org.apache.catalina.core.ApplicationFilterChain.doFilter(ApplicationFilterChain.java:138)
	at org.apache.catalina.core.StandardWrapperValve.invoke(StandardWrapperValve.java:165)
	at org.apache.catalina.core.StandardContextValve.invoke(StandardContextValve.java:88)
	at org.apache.catalina.authenticator.AuthenticatorBase.invoke(AuthenticatorBase.java:482)
	at org.apache.catalina.core.StandardHostValve.invoke(StandardHostValve.java:113)
	at org.apache.catalina.valves.ErrorReportValve.invoke(ErrorReportValve.java:83)
	at org.apache.catalina.core.StandardEngineValve.invoke(StandardEngineValve.java:72)
	at org.apache.catalina.connector.CoyoteAdapter.service(CoyoteAdapter.java:342)
	at org.apache.coyote.http11.Http11Processor.service(Http11Processor.java:399)
	at org.apache.coyote.AbstractProcessorLight.process(AbstractProcessorLight.java:63)
	at org.apache.coyote.AbstractProtocol$ConnectionHandler.process(AbstractProtocol.java:903)
	at org.apache.tomcat.util.net.NioEndpoint$SocketProcessor.doRun(NioEndpoint.java:1774)
	at org.apache.tomcat.util.net.SocketProcessorBase.run(SocketProcessorBase.java:52)
	at org.apache.tomcat.util.threads.ThreadPoolExecutor.runWorker(ThreadPoolExecutor.java:973)
	at org.apache.tomcat.util.threads.ThreadPoolExecutor$Worker.run(ThreadPoolExecutor.java:491)
	at org.apache.tomcat.util.threads.TaskThread$WrappingRunnable.run(TaskThread.java:63)
	at java.base/java.lang.Thread.run(Thread.java:1583)
