18:21:43.000 [main] INFO  c.f.fastEasyApplication - [logStarting,53] - Starting fastEasyApplication using Java 21.0.10 with PID 3892 (C:\Users\刘铭\Desktop\fast\springboot\target\classes started by 刘铭 in C:\Users\刘铭\Desktop\fast)
18:21:43.000 [main] INFO  c.f.fastEasyApplication - [logStartupProfileInfo,658] - The following 1 profile is active: "druid"
18:21:44.311 [main] INFO  o.a.c.h.Http11NioProtocol - [log,168] - Initializing ProtocolHandler ["http-nio-8080"]
18:21:44.312 [main] INFO  o.a.c.c.StandardService - [log,168] - Starting service [Tomcat]
18:21:44.312 [main] INFO  o.a.c.c.StandardEngine - [log,168] - Starting Servlet engine: [Apache Tomcat/10.1.50]
18:21:44.349 [main] INFO  o.a.c.c.C.[.[.[/] - [log,168] - Initializing Spring embedded WebApplicationContext
18:21:44.434 [main] INFO  c.a.d.s.b.a.DruidDataSourceAutoConfigure - [dataSource,68] - Init DruidDataSource
18:21:44.487 [main] INFO  c.a.d.p.DruidDataSource - [init,1002] - {dataSource-1} inited
18:21:45.312 [main] INFO  o.a.c.h.Http11NioProtocol - [log,168] - Starting ProtocolHandler ["http-nio-8080"]
18:21:45.329 [main] INFO  c.f.fastEasyApplication - [logStarted,59] - Started fastEasyApplication in 2.64 seconds (process running for 4.003)
18:22:28.497 [http-nio-8080-exec-1] INFO  o.a.c.c.C.[.[.[/] - [log,168] - Initializing Spring DispatcherServlet 'dispatcherServlet'
18:58:02.559 [SpringApplicationShutdownHook] INFO  c.a.d.p.DruidDataSource - [close,2204] - {dataSource-1} closing ...
18:58:02.559 [SpringApplicationShutdownHook] INFO  c.a.d.p.DruidDataSource - [close,2277] - {dataSource-1} closed
18:58:05.388 [main] INFO  c.f.fastEasyApplication - [logStarting,53] - Starting fastEasyApplication using Java 21.0.10 with PID 17620 (C:\Users\刘铭\Desktop\fast\springboot\target\classes started by 刘铭 in C:\Users\刘铭\Desktop\fast)
18:58:05.389 [main] INFO  c.f.fastEasyApplication - [logStartupProfileInfo,658] - The following 1 profile is active: "druid"
18:58:06.202 [main] INFO  o.a.c.h.Http11NioProtocol - [log,168] - Initializing ProtocolHandler ["http-nio-8080"]
18:58:06.202 [main] INFO  o.a.c.c.StandardService - [log,168] - Starting service [Tomcat]
18:58:06.209 [main] INFO  o.a.c.c.StandardEngine - [log,168] - Starting Servlet engine: [Apache Tomcat/10.1.50]
18:58:06.232 [main] INFO  o.a.c.c.C.[.[.[/] - [log,168] - Initializing Spring embedded WebApplicationContext
18:58:06.309 [main] INFO  c.a.d.s.b.a.DruidDataSourceAutoConfigure - [dataSource,68] - Init DruidDataSource
18:58:06.354 [main] INFO  c.a.d.p.DruidDataSource - [init,1002] - {dataSource-1} inited
18:58:07.044 [main] INFO  o.a.c.h.Http11NioProtocol - [log,168] - Starting ProtocolHandler ["http-nio-8080"]
18:58:07.061 [main] INFO  c.f.fastEasyApplication - [logStarted,59] - Started fastEasyApplication in 1.919 seconds (process running for 2.354)
19:02:21.134 [http-nio-8080-exec-1] INFO  o.a.c.c.C.[.[.[/] - [log,168] - Initializing Spring DispatcherServlet 'dispatcherServlet'
22:04:07.072 [SpringApplicationShutdownHook] INFO  c.a.d.p.DruidDataSource - [close,2204] - {dataSource-1} closing ...
22:04:07.074 [SpringApplicationShutdownHook] INFO  c.a.d.p.DruidDataSource - [close,2277] - {dataSource-1} closed
