13:24:58.860 [main] INFO  c.f.fastEasyApplication - [logStarting,53] - Starting fastEasyApplication using Java 21.0.10 with PID 3024 (C:\Users\刘铭\Desktop\fast\springboot\target\classes started by 刘铭 in C:\Users\刘铭\Desktop\fast)
13:24:58.863 [main] INFO  c.f.fastEasyApplication - [logStartupProfileInfo,658] - The following 1 profile is active: "druid"
13:25:00.180 [main] INFO  o.a.c.h.Http11NioProtocol - [log,168] - Initializing ProtocolHandler ["http-nio-8080"]
13:25:00.181 [main] INFO  o.a.c.c.StandardService - [log,168] - Starting service [Tomcat]
13:25:00.182 [main] INFO  o.a.c.c.StandardEngine - [log,168] - Starting Servlet engine: [Apache Tomcat/10.1.50]
13:25:00.218 [main] INFO  o.a.c.c.C.[.[.[/] - [log,168] - Initializing Spring embedded WebApplicationContext
13:25:00.302 [main] INFO  c.a.d.s.b.a.DruidDataSourceAutoConfigure - [dataSource,68] - Init DruidDataSource
13:25:00.354 [main] INFO  c.a.d.p.DruidDataSource - [init,1002] - {dataSource-1} inited
13:25:01.160 [main] INFO  o.a.c.h.Http11NioProtocol - [log,168] - Starting ProtocolHandler ["http-nio-8080"]
13:25:01.181 [main] INFO  c.f.fastEasyApplication - [logStarted,59] - Started fastEasyApplication in 2.603 seconds (process running for 3.476)
13:26:17.051 [http-nio-8080-exec-1] INFO  o.a.c.c.C.[.[.[/] - [log,168] - Initializing Spring DispatcherServlet 'dispatcherServlet'
14:00:48.136 [SpringApplicationShutdownHook] INFO  c.a.d.p.DruidDataSource - [close,2204] - {dataSource-1} closing ...
14:00:48.143 [SpringApplicationShutdownHook] INFO  c.a.d.p.DruidDataSource - [close,2277] - {dataSource-1} closed
14:00:56.650 [main] INFO  c.f.fastEasyApplication - [logStarting,53] - Starting fastEasyApplication using Java 21.0.10 with PID 18356 (C:\Users\刘铭\Desktop\fast\springboot\target\classes started by 刘铭 in C:\Users\刘铭\Desktop\fast)
14:00:56.652 [main] INFO  c.f.fastEasyApplication - [logStartupProfileInfo,658] - The following 1 profile is active: "druid"
14:00:57.429 [main] INFO  o.a.c.h.Http11NioProtocol - [log,168] - Initializing ProtocolHandler ["http-nio-8080"]
14:00:57.430 [main] INFO  o.a.c.c.StandardService - [log,168] - Starting service [Tomcat]
14:00:57.431 [main] INFO  o.a.c.c.StandardEngine - [log,168] - Starting Servlet engine: [Apache Tomcat/10.1.50]
14:00:57.466 [main] INFO  o.a.c.c.C.[.[.[/] - [log,168] - Initializing Spring embedded WebApplicationContext
14:00:57.545 [main] INFO  c.a.d.s.b.a.DruidDataSourceAutoConfigure - [dataSource,68] - Init DruidDataSource
14:00:57.589 [main] INFO  c.a.d.p.DruidDataSource - [init,1002] - {dataSource-1} inited
14:00:58.262 [main] INFO  o.a.c.h.Http11NioProtocol - [log,168] - Starting ProtocolHandler ["http-nio-8080"]
14:00:58.284 [main] INFO  c.f.fastEasyApplication - [logStarted,59] - Started fastEasyApplication in 1.887 seconds (process running for 2.42)
14:01:03.197 [http-nio-8080-exec-1] INFO  o.a.c.c.C.[.[.[/] - [log,168] - Initializing Spring DispatcherServlet 'dispatcherServlet'
16:05:01.474 [SpringApplicationShutdownHook] INFO  c.a.d.p.DruidDataSource - [close,2204] - {dataSource-1} closing ...
16:05:01.477 [SpringApplicationShutdownHook] INFO  c.a.d.p.DruidDataSource - [close,2277] - {dataSource-1} closed
16:05:03.737 [main] INFO  c.f.fastEasyApplication - [logStarting,53] - Starting fastEasyApplication using Java 21.0.10 with PID 6456 (C:\Users\刘铭\Desktop\fast\springboot\target\classes started by 刘铭 in C:\Users\刘铭\Desktop\fast)
16:05:03.738 [main] INFO  c.f.fastEasyApplication - [logStartupProfileInfo,658] - The following 1 profile is active: "druid"
16:05:05.580 [main] INFO  o.a.c.h.Http11NioProtocol - [log,168] - Initializing ProtocolHandler ["http-nio-8080"]
16:05:05.582 [main] INFO  o.a.c.c.StandardService - [log,168] - Starting service [Tomcat]
16:05:05.582 [main] INFO  o.a.c.c.StandardEngine - [log,168] - Starting Servlet engine: [Apache Tomcat/10.1.50]
16:05:05.618 [main] INFO  o.a.c.c.C.[.[.[/] - [log,168] - Initializing Spring embedded WebApplicationContext
16:05:05.699 [main] INFO  c.a.d.s.b.a.DruidDataSourceAutoConfigure - [dataSource,68] - Init DruidDataSource
16:05:05.747 [main] INFO  c.a.d.p.DruidDataSource - [init,1002] - {dataSource-1} inited
16:05:06.586 [main] INFO  o.a.c.h.Http11NioProtocol - [log,168] - Starting ProtocolHandler ["http-nio-8080"]
16:05:06.606 [main] INFO  c.f.fastEasyApplication - [logStarted,59] - Started fastEasyApplication in 3.193 seconds (process running for 3.817)
16:05:14.517 [http-nio-8080-exec-1] INFO  o.a.c.c.C.[.[.[/] - [log,168] - Initializing Spring DispatcherServlet 'dispatcherServlet'
16:34:08.943 [SpringApplicationShutdownHook] INFO  c.a.d.p.DruidDataSource - [close,2204] - {dataSource-1} closing ...
16:34:08.946 [SpringApplicationShutdownHook] INFO  c.a.d.p.DruidDataSource - [close,2277] - {dataSource-1} closed
16:34:11.709 [main] INFO  c.f.fastEasyApplication - [logStarting,53] - Starting fastEasyApplication using Java 21.0.10 with PID 23340 (C:\Users\刘铭\Desktop\fast\springboot\target\classes started by 刘铭 in C:\Users\刘铭\Desktop\fast)
16:34:11.710 [main] INFO  c.f.fastEasyApplication - [logStartupProfileInfo,658] - The following 1 profile is active: "druid"
16:34:12.481 [main] INFO  o.a.c.h.Http11NioProtocol - [log,168] - Initializing ProtocolHandler ["http-nio-8080"]
16:34:12.482 [main] INFO  o.a.c.c.StandardService - [log,168] - Starting service [Tomcat]
16:34:12.482 [main] INFO  o.a.c.c.StandardEngine - [log,168] - Starting Servlet engine: [Apache Tomcat/10.1.50]
16:34:12.512 [main] INFO  o.a.c.c.C.[.[.[/] - [log,168] - Initializing Spring embedded WebApplicationContext
16:34:12.586 [main] INFO  c.a.d.s.b.a.DruidDataSourceAutoConfigure - [dataSource,68] - Init DruidDataSource
16:34:12.631 [main] INFO  c.a.d.p.DruidDataSource - [init,1002] - {dataSource-1} inited
16:34:13.300 [main] INFO  o.a.c.h.Http11NioProtocol - [log,168] - Starting ProtocolHandler ["http-nio-8080"]
16:34:13.318 [main] INFO  c.f.fastEasyApplication - [logStarted,59] - Started fastEasyApplication in 1.847 seconds (process running for 2.275)
16:35:27.233 [http-nio-8080-exec-1] INFO  o.a.c.c.C.[.[.[/] - [log,168] - Initializing Spring DispatcherServlet 'dispatcherServlet'
16:54:25.247 [SpringApplicationShutdownHook] INFO  c.a.d.p.DruidDataSource - [close,2204] - {dataSource-1} closing ...
16:54:25.252 [SpringApplicationShutdownHook] INFO  c.a.d.p.DruidDataSource - [close,2277] - {dataSource-1} closed
16:54:28.382 [main] INFO  c.f.fastEasyApplication - [logStarting,53] - Starting fastEasyApplication using Java 21.0.10 with PID 7104 (C:\Users\刘铭\Desktop\fast\springboot\target\classes started by 刘铭 in C:\Users\刘铭\Desktop\fast)
16:54:28.384 [main] INFO  c.f.fastEasyApplication - [logStartupProfileInfo,658] - The following 1 profile is active: "druid"
16:54:29.252 [main] INFO  o.a.c.h.Http11NioProtocol - [log,168] - Initializing ProtocolHandler ["http-nio-8080"]
16:54:29.253 [main] INFO  o.a.c.c.StandardService - [log,168] - Starting service [Tomcat]
16:54:29.253 [main] INFO  o.a.c.c.StandardEngine - [log,168] - Starting Servlet engine: [Apache Tomcat/10.1.50]
16:54:29.290 [main] INFO  o.a.c.c.C.[.[.[/] - [log,168] - Initializing Spring embedded WebApplicationContext
16:54:29.371 [main] INFO  c.a.d.s.b.a.DruidDataSourceAutoConfigure - [dataSource,68] - Init DruidDataSource
16:54:29.418 [main] INFO  c.a.d.p.DruidDataSource - [init,1002] - {dataSource-1} inited
16:54:30.125 [main] INFO  o.a.c.h.Http11NioProtocol - [log,168] - Starting ProtocolHandler ["http-nio-8080"]
16:54:30.144 [main] INFO  c.f.fastEasyApplication - [logStarted,59] - Started fastEasyApplication in 2.025 seconds (process running for 2.525)
16:54:56.696 [http-nio-8080-exec-1] INFO  o.a.c.c.C.[.[.[/] - [log,168] - Initializing Spring DispatcherServlet 'dispatcherServlet'
17:59:19.359 [SpringApplicationShutdownHook] INFO  c.a.d.p.DruidDataSource - [close,2204] - {dataSource-1} closing ...
17:59:19.360 [SpringApplicationShutdownHook] INFO  c.a.d.p.DruidDataSource - [close,2277] - {dataSource-1} closed
17:59:22.108 [main] INFO  c.f.fastEasyApplication - [logStarting,53] - Starting fastEasyApplication using Java 21.0.10 with PID 23184 (C:\Users\刘铭\Desktop\fast\springboot\target\classes started by 刘铭 in C:\Users\刘铭\Desktop\fast)
17:59:22.110 [main] INFO  c.f.fastEasyApplication - [logStartupProfileInfo,658] - The following 1 profile is active: "druid"
17:59:22.939 [main] INFO  o.a.c.h.Http11NioProtocol - [log,168] - Initializing ProtocolHandler ["http-nio-8080"]
17:59:22.941 [main] INFO  o.a.c.c.StandardService - [log,168] - Starting service [Tomcat]
17:59:22.941 [main] INFO  o.a.c.c.StandardEngine - [log,168] - Starting Servlet engine: [Apache Tomcat/10.1.50]
17:59:22.969 [main] INFO  o.a.c.c.C.[.[.[/] - [log,168] - Initializing Spring embedded WebApplicationContext
17:59:23.042 [main] INFO  c.a.d.s.b.a.DruidDataSourceAutoConfigure - [dataSource,68] - Init DruidDataSource
17:59:23.086 [main] INFO  c.a.d.p.DruidDataSource - [init,1002] - {dataSource-1} inited
17:59:23.797 [main] INFO  o.a.c.h.Http11NioProtocol - [log,168] - Starting ProtocolHandler ["http-nio-8080"]
17:59:23.820 [main] INFO  c.f.fastEasyApplication - [logStarted,59] - Started fastEasyApplication in 1.952 seconds (process running for 2.38)
18:00:37.748 [http-nio-8080-exec-2] INFO  o.a.c.c.C.[.[.[/] - [log,168] - Initializing Spring DispatcherServlet 'dispatcherServlet'
21:13:12.589 [SpringApplicationShutdownHook] INFO  c.a.d.p.DruidDataSource - [close,2204] - {dataSource-1} closing ...
21:13:12.594 [SpringApplicationShutdownHook] INFO  c.a.d.p.DruidDataSource - [close,2277] - {dataSource-1} closed
21:14:57.486 [main] INFO  c.f.fastEasyApplication - [logStarting,53] - Starting fastEasyApplication using Java 21.0.10 with PID 25284 (C:\Users\刘铭\Desktop\fast\springboot\target\classes started by 刘铭 in C:\Users\刘铭\Desktop\fast)
21:14:57.487 [main] INFO  c.f.fastEasyApplication - [logStartupProfileInfo,658] - The following 1 profile is active: "druid"
21:14:58.423 [main] INFO  o.a.c.h.Http11NioProtocol - [log,168] - Initializing ProtocolHandler ["http-nio-8080"]
21:14:58.424 [main] INFO  o.a.c.c.StandardService - [log,168] - Starting service [Tomcat]
21:14:58.424 [main] INFO  o.a.c.c.StandardEngine - [log,168] - Starting Servlet engine: [Apache Tomcat/10.1.50]
21:14:58.460 [main] INFO  o.a.c.c.C.[.[.[/] - [log,168] - Initializing Spring embedded WebApplicationContext
21:14:58.548 [main] INFO  c.a.d.s.b.a.DruidDataSourceAutoConfigure - [dataSource,68] - Init DruidDataSource
21:14:58.600 [main] INFO  c.a.d.p.DruidDataSource - [init,1002] - {dataSource-1} inited
21:14:59.356 [main] INFO  o.a.c.h.Http11NioProtocol - [log,168] - Starting ProtocolHandler ["http-nio-8080"]
21:14:59.380 [main] INFO  c.f.fastEasyApplication - [logStarted,59] - Started fastEasyApplication in 2.182 seconds (process running for 2.706)
21:16:51.022 [SpringApplicationShutdownHook] INFO  c.a.d.p.DruidDataSource - [close,2204] - {dataSource-1} closing ...
21:16:51.023 [SpringApplicationShutdownHook] INFO  c.a.d.p.DruidDataSource - [close,2277] - {dataSource-1} closed
21:16:53.631 [main] INFO  c.f.fastEasyApplication - [logStarting,53] - Starting fastEasyApplication using Java 21.0.10 with PID 25580 (C:\Users\刘铭\Desktop\fast\springboot\target\classes started by 刘铭 in C:\Users\刘铭\Desktop\fast)
21:16:53.633 [main] INFO  c.f.fastEasyApplication - [logStartupProfileInfo,658] - The following 1 profile is active: "druid"
21:16:54.391 [main] INFO  o.a.c.h.Http11NioProtocol - [log,168] - Initializing ProtocolHandler ["http-nio-8080"]
21:16:54.391 [main] INFO  o.a.c.c.StandardService - [log,168] - Starting service [Tomcat]
21:16:54.392 [main] INFO  o.a.c.c.StandardEngine - [log,168] - Starting Servlet engine: [Apache Tomcat/10.1.50]
21:16:54.423 [main] INFO  o.a.c.c.C.[.[.[/] - [log,168] - Initializing Spring embedded WebApplicationContext
21:16:54.502 [main] INFO  c.a.d.s.b.a.DruidDataSourceAutoConfigure - [dataSource,68] - Init DruidDataSource
21:16:54.549 [main] INFO  c.a.d.p.DruidDataSource - [init,1002] - {dataSource-1} inited
21:16:55.224 [main] INFO  o.a.c.h.Http11NioProtocol - [log,168] - Starting ProtocolHandler ["http-nio-8080"]
21:16:55.245 [main] INFO  c.f.fastEasyApplication - [logStarted,59] - Started fastEasyApplication in 1.853 seconds (process running for 2.281)
21:19:28.528 [http-nio-8080-exec-1] INFO  o.a.c.c.C.[.[.[/] - [log,168] - Initializing Spring DispatcherServlet 'dispatcherServlet'
21:37:56.180 [SpringApplicationShutdownHook] INFO  c.a.d.p.DruidDataSource - [close,2204] - {dataSource-1} closing ...
21:37:56.185 [SpringApplicationShutdownHook] INFO  c.a.d.p.DruidDataSource - [close,2277] - {dataSource-1} closed
