00:54:35.351 [SpringApplicationShutdownHook] INFO  c.a.d.p.DruidDataSource - [close,2204] - {dataSource-1} closing ...
00:54:35.359 [SpringApplicationShutdownHook] INFO  c.a.d.p.DruidDataSource - [close,2277] - {dataSource-1} closed
09:08:39.734 [main] INFO  c.f.fastEasyApplication - [logStarting,53] - Starting fastEasyApplication using Java 21.0.10 with PID 5312 (C:\Users\刘铭\Desktop\fast\springboot\target\classes started by 刘铭 in C:\Users\刘铭\Desktop\fast)
09:08:39.736 [main] INFO  c.f.fastEasyApplication - [logStartupProfileInfo,658] - The following 1 profile is active: "druid"
09:08:42.150 [main] INFO  o.a.c.h.Http11NioProtocol - [log,168] - Initializing ProtocolHandler ["http-nio-8080"]
09:08:42.151 [main] INFO  o.a.c.c.StandardService - [log,168] - Starting service [Tomcat]
09:08:42.152 [main] INFO  o.a.c.c.StandardEngine - [log,168] - Starting Servlet engine: [Apache Tomcat/10.1.50]
09:08:42.192 [main] INFO  o.a.c.c.C.[.[.[/] - [log,168] - Initializing Spring embedded WebApplicationContext
09:08:42.289 [main] INFO  c.a.d.s.b.a.DruidDataSourceAutoConfigure - [dataSource,68] - Init DruidDataSource
09:08:42.353 [main] INFO  c.a.d.p.DruidDataSource - [init,1002] - {dataSource-1} inited
09:08:43.402 [main] INFO  o.a.c.h.Http11NioProtocol - [log,168] - Starting ProtocolHandler ["http-nio-8080"]
09:08:43.422 [main] INFO  c.f.fastEasyApplication - [logStarted,59] - Started fastEasyApplication in 4.01 seconds (process running for 5.849)
09:10:04.667 [http-nio-8080-exec-1] INFO  o.a.c.c.C.[.[.[/] - [log,168] - Initializing Spring DispatcherServlet 'dispatcherServlet'
12:05:15.319 [main] INFO  c.f.fastEasyApplication - [logStarting,53] - Starting fastEasyApplication using Java 21.0.10 with PID 21020 (C:\Users\刘铭\Desktop\fast\springboot\target\classes started by 刘铭 in C:\Users\刘铭\Desktop\fast)
12:05:15.321 [main] INFO  c.f.fastEasyApplication - [logStartupProfileInfo,658] - The following 1 profile is active: "druid"
12:05:16.883 [main] INFO  o.a.c.h.Http11NioProtocol - [log,168] - Initializing ProtocolHandler ["http-nio-8080"]
12:05:16.884 [main] INFO  o.a.c.c.StandardService - [log,168] - Starting service [Tomcat]
12:05:16.884 [main] INFO  o.a.c.c.StandardEngine - [log,168] - Starting Servlet engine: [Apache Tomcat/10.1.50]
12:05:16.924 [main] INFO  o.a.c.c.C.[.[.[/] - [log,168] - Initializing Spring embedded WebApplicationContext
12:05:17.023 [main] INFO  c.a.d.s.b.a.DruidDataSourceAutoConfigure - [dataSource,68] - Init DruidDataSource
12:05:17.087 [main] INFO  c.a.d.p.DruidDataSource - [init,1002] - {dataSource-1} inited
12:05:18.018 [main] INFO  o.a.c.h.Http11NioProtocol - [log,168] - Starting ProtocolHandler ["http-nio-8080"]
12:05:18.038 [main] INFO  c.f.fastEasyApplication - [logStarted,59] - Started fastEasyApplication in 3.138 seconds (process running for 5.682)
12:06:26.777 [http-nio-8080-exec-1] INFO  o.a.c.c.C.[.[.[/] - [log,168] - Initializing Spring DispatcherServlet 'dispatcherServlet'
13:48:19.680 [SpringApplicationShutdownHook] INFO  c.a.d.p.DruidDataSource - [close,2204] - {dataSource-1} closing ...
13:48:19.683 [SpringApplicationShutdownHook] INFO  c.a.d.p.DruidDataSource - [close,2277] - {dataSource-1} closed
13:48:29.071 [main] INFO  c.f.fastEasyApplication - [logStarting,53] - Starting fastEasyApplication using Java 21.0.10 with PID 26908 (C:\Users\刘铭\Desktop\fast\springboot\target\classes started by 刘铭 in C:\Users\刘铭\Desktop\fast)
13:48:29.071 [main] INFO  c.f.fastEasyApplication - [logStartupProfileInfo,658] - The following 1 profile is active: "druid"
13:48:31.269 [main] INFO  o.a.c.h.Http11NioProtocol - [log,168] - Initializing ProtocolHandler ["http-nio-8080"]
13:48:31.271 [main] INFO  o.a.c.c.StandardService - [log,168] - Starting service [Tomcat]
13:48:31.271 [main] INFO  o.a.c.c.StandardEngine - [log,168] - Starting Servlet engine: [Apache Tomcat/10.1.50]
13:48:31.303 [main] INFO  o.a.c.c.C.[.[.[/] - [log,168] - Initializing Spring embedded WebApplicationContext
13:48:31.382 [main] INFO  c.a.d.s.b.a.DruidDataSourceAutoConfigure - [dataSource,68] - Init DruidDataSource
13:48:31.434 [main] INFO  c.a.d.p.DruidDataSource - [init,1002] - {dataSource-1} inited
13:48:32.279 [main] INFO  o.a.c.h.Http11NioProtocol - [log,168] - Starting ProtocolHandler ["http-nio-8080"]
13:48:32.300 [main] INFO  c.f.fastEasyApplication - [logStarted,59] - Started fastEasyApplication in 3.497 seconds (process running for 5.18)
13:48:44.746 [http-nio-8080-exec-9] INFO  o.a.c.c.C.[.[.[/] - [log,168] - Initializing Spring DispatcherServlet 'dispatcherServlet'
13:57:30.762 [SpringApplicationShutdownHook] INFO  c.a.d.p.DruidDataSource - [close,2204] - {dataSource-1} closing ...
13:57:30.765 [SpringApplicationShutdownHook] INFO  c.a.d.p.DruidDataSource - [close,2277] - {dataSource-1} closed
13:57:34.098 [main] INFO  c.f.fastEasyApplication - [logStarting,53] - Starting fastEasyApplication using Java 21.0.10 with PID 21896 (C:\Users\刘铭\Desktop\fast\springboot\target\classes started by 刘铭 in C:\Users\刘铭\Desktop\fast)
13:57:34.099 [main] INFO  c.f.fastEasyApplication - [logStartupProfileInfo,658] - The following 1 profile is active: "druid"
13:57:35.429 [main] INFO  o.a.c.h.Http11NioProtocol - [log,168] - Initializing ProtocolHandler ["http-nio-8080"]
13:57:35.430 [main] INFO  o.a.c.c.StandardService - [log,168] - Starting service [Tomcat]
13:57:35.430 [main] INFO  o.a.c.c.StandardEngine - [log,168] - Starting Servlet engine: [Apache Tomcat/10.1.50]
13:57:35.461 [main] INFO  o.a.c.c.C.[.[.[/] - [log,168] - Initializing Spring embedded WebApplicationContext
13:57:35.539 [main] INFO  c.a.d.s.b.a.DruidDataSourceAutoConfigure - [dataSource,68] - Init DruidDataSource
13:57:35.588 [main] INFO  c.a.d.p.DruidDataSource - [init,1002] - {dataSource-1} inited
13:57:36.424 [main] INFO  o.a.c.h.Http11NioProtocol - [log,168] - Starting ProtocolHandler ["http-nio-8080"]
13:57:36.448 [main] INFO  c.f.fastEasyApplication - [logStarted,59] - Started fastEasyApplication in 2.598 seconds (process running for 3.087)
13:59:12.450 [SpringApplicationShutdownHook] INFO  c.a.d.p.DruidDataSource - [close,2204] - {dataSource-1} closing ...
13:59:12.451 [SpringApplicationShutdownHook] INFO  c.a.d.p.DruidDataSource - [close,2277] - {dataSource-1} closed
13:59:14.048 [main] INFO  c.f.fastEasyApplication - [logStarting,53] - Starting fastEasyApplication using Java 21.0.10 with PID 25668 (C:\Users\刘铭\Desktop\fast\springboot\target\classes started by 刘铭 in C:\Users\刘铭\Desktop\fast)
13:59:14.050 [main] INFO  c.f.fastEasyApplication - [logStartupProfileInfo,658] - The following 1 profile is active: "druid"
13:59:14.801 [main] INFO  o.a.c.h.Http11NioProtocol - [log,168] - Initializing ProtocolHandler ["http-nio-8080"]
13:59:14.802 [main] INFO  o.a.c.c.StandardService - [log,168] - Starting service [Tomcat]
13:59:14.803 [main] INFO  o.a.c.c.StandardEngine - [log,168] - Starting Servlet engine: [Apache Tomcat/10.1.50]
13:59:14.831 [main] INFO  o.a.c.c.C.[.[.[/] - [log,168] - Initializing Spring embedded WebApplicationContext
13:59:14.906 [main] INFO  c.a.d.s.b.a.DruidDataSourceAutoConfigure - [dataSource,68] - Init DruidDataSource
13:59:14.957 [main] INFO  c.a.d.p.DruidDataSource - [init,1002] - {dataSource-1} inited
13:59:15.654 [main] INFO  o.a.c.h.Http11NioProtocol - [log,168] - Starting ProtocolHandler ["http-nio-8080"]
13:59:15.672 [main] INFO  c.f.fastEasyApplication - [logStarted,59] - Started fastEasyApplication in 1.881 seconds (process running for 2.361)
13:59:27.809 [http-nio-8080-exec-2] INFO  o.a.c.c.C.[.[.[/] - [log,168] - Initializing Spring DispatcherServlet 'dispatcherServlet'
14:02:41.654 [SpringApplicationShutdownHook] INFO  c.a.d.p.DruidDataSource - [close,2204] - {dataSource-1} closing ...
14:02:41.656 [SpringApplicationShutdownHook] INFO  c.a.d.p.DruidDataSource - [close,2277] - {dataSource-1} closed
14:02:44.320 [main] INFO  c.f.fastEasyApplication - [logStarting,53] - Starting fastEasyApplication using Java 21.0.10 with PID 21056 (C:\Users\刘铭\Desktop\fast\springboot\target\classes started by 刘铭 in C:\Users\刘铭\Desktop\fast)
14:02:44.322 [main] INFO  c.f.fastEasyApplication - [logStartupProfileInfo,658] - The following 1 profile is active: "druid"
14:02:45.116 [main] INFO  o.a.c.h.Http11NioProtocol - [log,168] - Initializing ProtocolHandler ["http-nio-8080"]
14:02:45.117 [main] INFO  o.a.c.c.StandardService - [log,168] - Starting service [Tomcat]
14:02:45.117 [main] INFO  o.a.c.c.StandardEngine - [log,168] - Starting Servlet engine: [Apache Tomcat/10.1.50]
14:02:45.151 [main] INFO  o.a.c.c.C.[.[.[/] - [log,168] - Initializing Spring embedded WebApplicationContext
14:02:45.232 [main] INFO  c.a.d.s.b.a.DruidDataSourceAutoConfigure - [dataSource,68] - Init DruidDataSource
14:02:45.279 [main] INFO  c.a.d.p.DruidDataSource - [init,1002] - {dataSource-1} inited
14:02:45.963 [main] INFO  o.a.c.h.Http11NioProtocol - [log,168] - Starting ProtocolHandler ["http-nio-8080"]
14:02:45.987 [main] INFO  c.f.fastEasyApplication - [logStarted,59] - Started fastEasyApplication in 1.914 seconds (process running for 2.355)
14:03:06.595 [http-nio-8080-exec-1] INFO  o.a.c.c.C.[.[.[/] - [log,168] - Initializing Spring DispatcherServlet 'dispatcherServlet'
15:47:04.956 [SpringApplicationShutdownHook] INFO  c.a.d.p.DruidDataSource - [close,2204] - {dataSource-1} closing ...
15:47:04.958 [SpringApplicationShutdownHook] INFO  c.a.d.p.DruidDataSource - [close,2277] - {dataSource-1} closed
17:30:31.263 [main] INFO  c.f.fastEasyApplication - [logStarting,53] - Starting fastEasyApplication using Java 21.0.10 with PID 26872 (C:\Users\刘铭\Desktop\fast\springboot\target\classes started by 刘铭 in C:\Users\刘铭\Desktop\fast)
17:30:31.264 [main] INFO  c.f.fastEasyApplication - [logStartupProfileInfo,658] - The following 1 profile is active: "druid"
17:30:32.173 [main] INFO  o.a.c.h.Http11NioProtocol - [log,168] - Initializing ProtocolHandler ["http-nio-8080"]
17:30:32.173 [main] INFO  o.a.c.c.StandardService - [log,168] - Starting service [Tomcat]
17:30:32.174 [main] INFO  o.a.c.c.StandardEngine - [log,168] - Starting Servlet engine: [Apache Tomcat/10.1.50]
17:30:32.208 [main] INFO  o.a.c.c.C.[.[.[/] - [log,168] - Initializing Spring embedded WebApplicationContext
17:30:32.293 [main] INFO  c.a.d.s.b.a.DruidDataSourceAutoConfigure - [dataSource,68] - Init DruidDataSource
17:30:32.347 [main] INFO  c.a.d.p.DruidDataSource - [init,1002] - {dataSource-1} inited
17:30:33.133 [main] INFO  o.a.c.h.Http11NioProtocol - [log,168] - Starting ProtocolHandler ["http-nio-8080"]
17:30:33.153 [main] INFO  c.f.fastEasyApplication - [logStarted,59] - Started fastEasyApplication in 2.198 seconds (process running for 2.814)
17:31:59.808 [http-nio-8080-exec-1] INFO  o.a.c.c.C.[.[.[/] - [log,168] - Initializing Spring DispatcherServlet 'dispatcherServlet'
23:15:20.622 [SpringApplicationShutdownHook] INFO  c.a.d.p.DruidDataSource - [close,2204] - {dataSource-1} closing ...
23:15:20.629 [SpringApplicationShutdownHook] INFO  c.a.d.p.DruidDataSource - [close,2277] - {dataSource-1} closed
