19:27:59.518 [main] INFO  c.f.fastEasyApplication - [logStarting,53] - Starting fastEasyApplication using Java 21.0.10 with PID 19808 (C:\Users\刘铭\Desktop\fast\springboot\target\classes started by 刘铭 in C:\Users\刘铭\Desktop\fast)
19:27:59.523 [main] INFO  c.f.fastEasyApplication - [logStartupProfileInfo,658] - The following 1 profile is active: "druid"
19:28:01.419 [main] INFO  o.a.c.h.Http11NioProtocol - [log,168] - Initializing ProtocolHandler ["http-nio-8080"]
19:28:01.420 [main] INFO  o.a.c.c.StandardService - [log,168] - Starting service [Tomcat]
19:28:01.420 [main] INFO  o.a.c.c.StandardEngine - [log,168] - Starting Servlet engine: [Apache Tomcat/10.1.50]
19:28:01.455 [main] INFO  o.a.c.c.C.[.[.[/] - [log,168] - Initializing Spring embedded WebApplicationContext
19:28:01.538 [main] INFO  c.a.d.s.b.a.DruidDataSourceAutoConfigure - [dataSource,68] - Init DruidDataSource
19:28:01.594 [main] INFO  c.a.d.p.DruidDataSource - [init,1002] - {dataSource-1} inited
19:28:02.518 [main] INFO  o.a.c.h.Http11NioProtocol - [log,168] - Starting ProtocolHandler ["http-nio-8080"]
19:28:02.537 [main] INFO  c.f.fastEasyApplication - [logStarted,59] - Started fastEasyApplication in 3.318 seconds (process running for 6.102)
19:29:15.640 [http-nio-8080-exec-1] INFO  o.a.c.c.C.[.[.[/] - [log,168] - Initializing Spring DispatcherServlet 'dispatcherServlet'
20:30:51.567 [SpringApplicationShutdownHook] INFO  c.a.d.p.DruidDataSource - [close,2204] - {dataSource-1} closing ...
20:30:51.568 [SpringApplicationShutdownHook] INFO  c.a.d.p.DruidDataSource - [close,2277] - {dataSource-1} closed
20:30:55.348 [main] INFO  c.f.fastEasyApplication - [logStarting,53] - Starting fastEasyApplication using Java 21.0.10 with PID 23256 (C:\Users\刘铭\Desktop\fast\springboot\target\classes started by 刘铭 in C:\Users\刘铭\Desktop\fast)
20:30:55.349 [main] INFO  c.f.fastEasyApplication - [logStartupProfileInfo,658] - The following 1 profile is active: "druid"
20:30:56.163 [main] INFO  o.a.c.h.Http11NioProtocol - [log,168] - Initializing ProtocolHandler ["http-nio-8080"]
20:30:56.164 [main] INFO  o.a.c.c.StandardService - [log,168] - Starting service [Tomcat]
20:30:56.164 [main] INFO  o.a.c.c.StandardEngine - [log,168] - Starting Servlet engine: [Apache Tomcat/10.1.50]
20:30:56.202 [main] INFO  o.a.c.c.C.[.[.[/] - [log,168] - Initializing Spring embedded WebApplicationContext
20:30:56.277 [main] INFO  c.a.d.s.b.a.DruidDataSourceAutoConfigure - [dataSource,68] - Init DruidDataSource
20:30:56.327 [main] INFO  c.a.d.p.DruidDataSource - [init,1002] - {dataSource-1} inited
20:30:57.001 [main] INFO  o.a.c.h.Http11NioProtocol - [log,168] - Starting ProtocolHandler ["http-nio-8080"]
20:30:57.020 [main] INFO  c.f.fastEasyApplication - [logStarted,59] - Started fastEasyApplication in 1.924 seconds (process running for 2.409)
20:33:57.057 [http-nio-8080-exec-1] INFO  o.a.c.c.C.[.[.[/] - [log,168] - Initializing Spring DispatcherServlet 'dispatcherServlet'
20:36:13.203 [SpringApplicationShutdownHook] INFO  c.a.d.p.DruidDataSource - [close,2204] - {dataSource-1} closing ...
20:36:13.205 [SpringApplicationShutdownHook] INFO  c.a.d.p.DruidDataSource - [close,2277] - {dataSource-1} closed
20:36:14.859 [main] INFO  c.f.fastEasyApplication - [logStarting,53] - Starting fastEasyApplication using Java 21.0.10 with PID 17992 (C:\Users\刘铭\Desktop\fast\springboot\target\classes started by 刘铭 in C:\Users\刘铭\Desktop\fast)
20:36:14.861 [main] INFO  c.f.fastEasyApplication - [logStartupProfileInfo,658] - The following 1 profile is active: "druid"
20:36:15.610 [main] INFO  o.a.c.h.Http11NioProtocol - [log,168] - Initializing ProtocolHandler ["http-nio-8080"]
20:36:15.611 [main] INFO  o.a.c.c.StandardService - [log,168] - Starting service [Tomcat]
20:36:15.611 [main] INFO  o.a.c.c.StandardEngine - [log,168] - Starting Servlet engine: [Apache Tomcat/10.1.50]
20:36:15.641 [main] INFO  o.a.c.c.C.[.[.[/] - [log,168] - Initializing Spring embedded WebApplicationContext
20:36:15.711 [main] INFO  c.a.d.s.b.a.DruidDataSourceAutoConfigure - [dataSource,68] - Init DruidDataSource
20:36:15.755 [main] INFO  c.a.d.p.DruidDataSource - [init,1002] - {dataSource-1} inited
20:36:16.462 [main] INFO  o.a.c.h.Http11NioProtocol - [log,168] - Starting ProtocolHandler ["http-nio-8080"]
20:36:16.492 [main] INFO  c.f.fastEasyApplication - [logStarted,59] - Started fastEasyApplication in 1.884 seconds (process running for 2.397)
20:36:24.568 [http-nio-8080-exec-1] INFO  o.a.c.c.C.[.[.[/] - [log,168] - Initializing Spring DispatcherServlet 'dispatcherServlet'
20:39:39.878 [SpringApplicationShutdownHook] INFO  c.a.d.p.DruidDataSource - [close,2204] - {dataSource-1} closing ...
20:39:39.880 [SpringApplicationShutdownHook] INFO  c.a.d.p.DruidDataSource - [close,2277] - {dataSource-1} closed
20:39:41.468 [main] INFO  c.f.fastEasyApplication - [logStarting,53] - Starting fastEasyApplication using Java 21.0.10 with PID 12460 (C:\Users\刘铭\Desktop\fast\springboot\target\classes started by 刘铭 in C:\Users\刘铭\Desktop\fast)
20:39:41.469 [main] INFO  c.f.fastEasyApplication - [logStartupProfileInfo,658] - The following 1 profile is active: "druid"
20:39:42.221 [main] INFO  o.a.c.h.Http11NioProtocol - [log,168] - Initializing ProtocolHandler ["http-nio-8080"]
20:39:42.221 [main] INFO  o.a.c.c.StandardService - [log,168] - Starting service [Tomcat]
20:39:42.222 [main] INFO  o.a.c.c.StandardEngine - [log,168] - Starting Servlet engine: [Apache Tomcat/10.1.50]
20:39:42.253 [main] INFO  o.a.c.c.C.[.[.[/] - [log,168] - Initializing Spring embedded WebApplicationContext
20:39:42.329 [main] INFO  c.a.d.s.b.a.DruidDataSourceAutoConfigure - [dataSource,68] - Init DruidDataSource
20:39:42.374 [main] INFO  c.a.d.p.DruidDataSource - [init,1002] - {dataSource-1} inited
20:39:43.067 [main] INFO  o.a.c.h.Http11NioProtocol - [log,168] - Starting ProtocolHandler ["http-nio-8080"]
20:39:43.091 [main] INFO  c.f.fastEasyApplication - [logStarted,59] - Started fastEasyApplication in 1.871 seconds (process running for 2.33)
20:42:17.671 [http-nio-8080-exec-1] INFO  o.a.c.c.C.[.[.[/] - [log,168] - Initializing Spring DispatcherServlet 'dispatcherServlet'
20:55:40.255 [SpringApplicationShutdownHook] INFO  c.a.d.p.DruidDataSource - [close,2204] - {dataSource-1} closing ...
20:55:40.257 [SpringApplicationShutdownHook] INFO  c.a.d.p.DruidDataSource - [close,2277] - {dataSource-1} closed
20:55:42.400 [main] INFO  c.f.fastEasyApplication - [logStarting,53] - Starting fastEasyApplication using Java 21.0.10 with PID 13808 (C:\Users\刘铭\Desktop\fast\springboot\target\classes started by 刘铭 in C:\Users\刘铭\Desktop\fast)
20:55:42.401 [main] INFO  c.f.fastEasyApplication - [logStartupProfileInfo,658] - The following 1 profile is active: "druid"
20:55:43.157 [main] INFO  o.a.c.h.Http11NioProtocol - [log,168] - Initializing ProtocolHandler ["http-nio-8080"]
20:55:43.158 [main] INFO  o.a.c.c.StandardService - [log,168] - Starting service [Tomcat]
20:55:43.159 [main] INFO  o.a.c.c.StandardEngine - [log,168] - Starting Servlet engine: [Apache Tomcat/10.1.50]
20:55:43.188 [main] INFO  o.a.c.c.C.[.[.[/] - [log,168] - Initializing Spring embedded WebApplicationContext
20:55:43.266 [main] INFO  c.a.d.s.b.a.DruidDataSourceAutoConfigure - [dataSource,68] - Init DruidDataSource
20:55:43.320 [main] INFO  c.a.d.p.DruidDataSource - [init,1002] - {dataSource-1} inited
20:55:44.017 [main] INFO  o.a.c.h.Http11NioProtocol - [log,168] - Starting ProtocolHandler ["http-nio-8080"]
20:55:44.036 [main] INFO  c.f.fastEasyApplication - [logStarted,59] - Started fastEasyApplication in 1.884 seconds (process running for 2.404)
20:56:32.443 [http-nio-8080-exec-1] INFO  o.a.c.c.C.[.[.[/] - [log,168] - Initializing Spring DispatcherServlet 'dispatcherServlet'
21:19:20.979 [SpringApplicationShutdownHook] INFO  c.a.d.p.DruidDataSource - [close,2204] - {dataSource-1} closing ...
21:19:20.983 [SpringApplicationShutdownHook] INFO  c.a.d.p.DruidDataSource - [close,2277] - {dataSource-1} closed
21:19:23.823 [main] INFO  c.f.fastEasyApplication - [logStarting,53] - Starting fastEasyApplication using Java 21.0.10 with PID 22536 (C:\Users\刘铭\Desktop\fast\springboot\target\classes started by 刘铭 in C:\Users\刘铭\Desktop\fast)
21:19:23.824 [main] INFO  c.f.fastEasyApplication - [logStartupProfileInfo,658] - The following 1 profile is active: "druid"
21:19:24.634 [main] INFO  o.a.c.h.Http11NioProtocol - [log,168] - Initializing ProtocolHandler ["http-nio-8080"]
21:19:24.635 [main] INFO  o.a.c.c.StandardService - [log,168] - Starting service [Tomcat]
21:19:24.635 [main] INFO  o.a.c.c.StandardEngine - [log,168] - Starting Servlet engine: [Apache Tomcat/10.1.50]
21:19:24.663 [main] INFO  o.a.c.c.C.[.[.[/] - [log,168] - Initializing Spring embedded WebApplicationContext
21:19:24.742 [main] INFO  c.a.d.s.b.a.DruidDataSourceAutoConfigure - [dataSource,68] - Init DruidDataSource
21:19:24.790 [main] INFO  c.a.d.p.DruidDataSource - [init,1002] - {dataSource-1} inited
21:19:25.492 [main] INFO  o.a.c.h.Http11NioProtocol - [log,168] - Starting ProtocolHandler ["http-nio-8080"]
21:19:25.514 [main] INFO  c.f.fastEasyApplication - [logStarted,59] - Started fastEasyApplication in 1.945 seconds (process running for 2.375)
21:22:28.545 [http-nio-8080-exec-1] INFO  o.a.c.c.C.[.[.[/] - [log,168] - Initializing Spring DispatcherServlet 'dispatcherServlet'
22:26:46.957 [SpringApplicationShutdownHook] INFO  c.a.d.p.DruidDataSource - [close,2204] - {dataSource-1} closing ...
22:26:46.959 [SpringApplicationShutdownHook] INFO  c.a.d.p.DruidDataSource - [close,2277] - {dataSource-1} closed
