08:59:45.335 [main] INFO  c.f.fastEasyApplication - [logStarting,53] - Starting fastEasyApplication using Java 21.0.10 with PID 3320 (C:\Users\刘铭\Desktop\fast\springboot\target\classes started by 刘铭 in C:\Users\刘铭\Desktop\fast)
08:59:45.339 [main] INFO  c.f.fastEasyApplication - [logStartupProfileInfo,658] - The following 1 profile is active: "druid"
08:59:46.627 [main] INFO  o.a.c.h.Http11NioProtocol - [log,168] - Initializing ProtocolHandler ["http-nio-8080"]
08:59:46.628 [main] INFO  o.a.c.c.StandardService - [log,168] - Starting service [Tomcat]
08:59:46.628 [main] INFO  o.a.c.c.StandardEngine - [log,168] - Starting Servlet engine: [Apache Tomcat/10.1.50]
08:59:46.663 [main] INFO  o.a.c.c.C.[.[.[/] - [log,168] - Initializing Spring embedded WebApplicationContext
08:59:46.748 [main] INFO  c.a.d.s.b.a.DruidDataSourceAutoConfigure - [dataSource,68] - Init DruidDataSource
08:59:46.806 [main] INFO  c.a.d.p.DruidDataSource - [init,1002] - {dataSource-1} inited
08:59:47.634 [main] INFO  o.a.c.h.Http11NioProtocol - [log,168] - Starting ProtocolHandler ["http-nio-8080"]
08:59:47.653 [main] INFO  c.f.fastEasyApplication - [logStarted,59] - Started fastEasyApplication in 2.635 seconds (process running for 3.75)
10:46:18.600 [SpringApplicationShutdownHook] INFO  c.a.d.p.DruidDataSource - [close,2204] - {dataSource-1} closing ...
10:46:18.610 [SpringApplicationShutdownHook] INFO  c.a.d.p.DruidDataSource - [close,2277] - {dataSource-1} closed
12:55:33.369 [main] INFO  c.f.fastEasyApplication - [logStarting,53] - Starting fastEasyApplication using Java 21.0.10 with PID 9588 (C:\Users\刘铭\Desktop\fast\springboot\target\classes started by 刘铭 in C:\Users\刘铭\Desktop\fast)
12:55:33.371 [main] INFO  c.f.fastEasyApplication - [logStartupProfileInfo,658] - The following 1 profile is active: "druid"
12:55:35.257 [main] INFO  o.a.c.h.Http11NioProtocol - [log,168] - Initializing ProtocolHandler ["http-nio-8080"]
12:55:35.259 [main] INFO  o.a.c.c.StandardService - [log,168] - Starting service [Tomcat]
12:55:35.261 [main] INFO  o.a.c.c.StandardEngine - [log,168] - Starting Servlet engine: [Apache Tomcat/10.1.50]
12:55:35.296 [main] INFO  o.a.c.c.C.[.[.[/] - [log,168] - Initializing Spring embedded WebApplicationContext
12:55:35.379 [main] INFO  c.a.d.s.b.a.DruidDataSourceAutoConfigure - [dataSource,68] - Init DruidDataSource
12:55:35.432 [main] INFO  c.a.d.p.DruidDataSource - [init,1002] - {dataSource-1} inited
12:55:36.325 [main] INFO  o.a.c.h.Http11NioProtocol - [log,168] - Starting ProtocolHandler ["http-nio-8080"]
12:55:36.349 [main] INFO  c.f.fastEasyApplication - [logStarted,59] - Started fastEasyApplication in 3.303 seconds (process running for 3.974)
12:56:23.303 [http-nio-8080-exec-1] INFO  o.a.c.c.C.[.[.[/] - [log,168] - Initializing Spring DispatcherServlet 'dispatcherServlet'
12:56:52.024 [SpringApplicationShutdownHook] INFO  c.a.d.p.DruidDataSource - [close,2204] - {dataSource-1} closing ...
12:56:52.025 [SpringApplicationShutdownHook] INFO  c.a.d.p.DruidDataSource - [close,2277] - {dataSource-1} closed
21:07:53.059 [main] INFO  c.f.fastEasyApplication - [logStarting,53] - Starting fastEasyApplication using Java 21.0.10 with PID 12880 (C:\Users\刘铭\Desktop\fast\springboot\target\classes started by 刘铭 in C:\Users\刘铭\Desktop\fast)
21:07:53.061 [main] INFO  c.f.fastEasyApplication - [logStartupProfileInfo,658] - The following 1 profile is active: "druid"
21:07:54.989 [main] INFO  o.a.c.h.Http11NioProtocol - [log,168] - Initializing ProtocolHandler ["http-nio-8080"]
21:07:54.990 [main] INFO  o.a.c.c.StandardService - [log,168] - Starting service [Tomcat]
21:07:54.991 [main] INFO  o.a.c.c.StandardEngine - [log,168] - Starting Servlet engine: [Apache Tomcat/10.1.50]
21:07:55.026 [main] INFO  o.a.c.c.C.[.[.[/] - [log,168] - Initializing Spring embedded WebApplicationContext
21:07:55.113 [main] INFO  c.a.d.s.b.a.DruidDataSourceAutoConfigure - [dataSource,68] - Init DruidDataSource
21:07:55.167 [main] INFO  c.a.d.p.DruidDataSource - [init,1002] - {dataSource-1} inited
21:07:56.074 [main] INFO  o.a.c.h.Http11NioProtocol - [log,168] - Starting ProtocolHandler ["http-nio-8080"]
21:07:56.094 [main] INFO  c.f.fastEasyApplication - [logStarted,59] - Started fastEasyApplication in 3.329 seconds (process running for 3.97)
21:16:17.959 [http-nio-8080-exec-1] INFO  o.a.c.c.C.[.[.[/] - [log,168] - Initializing Spring DispatcherServlet 'dispatcherServlet'
21:18:05.931 [SpringApplicationShutdownHook] INFO  c.a.d.p.DruidDataSource - [close,2204] - {dataSource-1} closing ...
21:18:05.934 [SpringApplicationShutdownHook] INFO  c.a.d.p.DruidDataSource - [close,2277] - {dataSource-1} closed
21:18:10.833 [main] INFO  c.f.fastEasyApplication - [logStarting,53] - Starting fastEasyApplication using Java 21.0.10 with PID 23188 (C:\Users\刘铭\Desktop\fast\springboot\target\classes started by 刘铭 in C:\Users\刘铭\Desktop\fast)
21:18:10.835 [main] INFO  c.f.fastEasyApplication - [logStartupProfileInfo,658] - The following 1 profile is active: "druid"
21:18:11.612 [main] INFO  o.a.c.h.Http11NioProtocol - [log,168] - Initializing ProtocolHandler ["http-nio-8080"]
21:18:11.613 [main] INFO  o.a.c.c.StandardService - [log,168] - Starting service [Tomcat]
21:18:11.613 [main] INFO  o.a.c.c.StandardEngine - [log,168] - Starting Servlet engine: [Apache Tomcat/10.1.50]
21:18:11.643 [main] INFO  o.a.c.c.C.[.[.[/] - [log,168] - Initializing Spring embedded WebApplicationContext
21:18:11.722 [main] INFO  c.a.d.s.b.a.DruidDataSourceAutoConfigure - [dataSource,68] - Init DruidDataSource
21:18:11.775 [main] INFO  c.a.d.p.DruidDataSource - [init,1002] - {dataSource-1} inited
21:18:12.441 [main] INFO  o.a.c.h.Http11NioProtocol - [log,168] - Starting ProtocolHandler ["http-nio-8080"]
21:18:12.460 [main] INFO  c.f.fastEasyApplication - [logStarted,59] - Started fastEasyApplication in 1.871 seconds (process running for 2.325)
21:18:16.962 [http-nio-8080-exec-1] INFO  o.a.c.c.C.[.[.[/] - [log,168] - Initializing Spring DispatcherServlet 'dispatcherServlet'
21:25:00.236 [SpringApplicationShutdownHook] INFO  c.a.d.p.DruidDataSource - [close,2204] - {dataSource-1} closing ...
21:25:00.239 [SpringApplicationShutdownHook] INFO  c.a.d.p.DruidDataSource - [close,2277] - {dataSource-1} closed
21:25:01.903 [main] INFO  c.f.fastEasyApplication - [logStarting,53] - Starting fastEasyApplication using Java 21.0.10 with PID 8992 (C:\Users\刘铭\Desktop\fast\springboot\target\classes started by 刘铭 in C:\Users\刘铭\Desktop\fast)
21:25:01.906 [main] INFO  c.f.fastEasyApplication - [logStartupProfileInfo,658] - The following 1 profile is active: "druid"
21:25:02.662 [main] INFO  o.a.c.h.Http11NioProtocol - [log,168] - Initializing ProtocolHandler ["http-nio-8080"]
21:25:02.663 [main] INFO  o.a.c.c.StandardService - [log,168] - Starting service [Tomcat]
21:25:02.664 [main] INFO  o.a.c.c.StandardEngine - [log,168] - Starting Servlet engine: [Apache Tomcat/10.1.50]
21:25:02.695 [main] INFO  o.a.c.c.C.[.[.[/] - [log,168] - Initializing Spring embedded WebApplicationContext
21:25:02.771 [main] INFO  c.a.d.s.b.a.DruidDataSourceAutoConfigure - [dataSource,68] - Init DruidDataSource
21:25:02.824 [main] INFO  c.a.d.p.DruidDataSource - [init,1002] - {dataSource-1} inited
21:25:03.488 [main] INFO  o.a.c.h.Http11NioProtocol - [log,168] - Starting ProtocolHandler ["http-nio-8080"]
21:25:03.507 [main] INFO  c.f.fastEasyApplication - [logStarted,59] - Started fastEasyApplication in 1.862 seconds (process running for 2.411)
21:25:09.201 [http-nio-8080-exec-2] INFO  o.a.c.c.C.[.[.[/] - [log,168] - Initializing Spring DispatcherServlet 'dispatcherServlet'
21:25:41.716 [SpringApplicationShutdownHook] INFO  c.a.d.p.DruidDataSource - [close,2204] - {dataSource-1} closing ...
21:25:41.718 [SpringApplicationShutdownHook] INFO  c.a.d.p.DruidDataSource - [close,2277] - {dataSource-1} closed
21:25:43.888 [main] INFO  c.f.fastEasyApplication - [logStarting,53] - Starting fastEasyApplication using Java 21.0.10 with PID 11260 (C:\Users\刘铭\Desktop\fast\springboot\target\classes started by 刘铭 in C:\Users\刘铭\Desktop\fast)
21:25:43.890 [main] INFO  c.f.fastEasyApplication - [logStartupProfileInfo,658] - The following 1 profile is active: "druid"
21:25:44.692 [main] INFO  o.a.c.h.Http11NioProtocol - [log,168] - Initializing ProtocolHandler ["http-nio-8080"]
21:25:44.693 [main] INFO  o.a.c.c.StandardService - [log,168] - Starting service [Tomcat]
21:25:44.693 [main] INFO  o.a.c.c.StandardEngine - [log,168] - Starting Servlet engine: [Apache Tomcat/10.1.50]
21:25:44.727 [main] INFO  o.a.c.c.C.[.[.[/] - [log,168] - Initializing Spring embedded WebApplicationContext
21:25:44.807 [main] INFO  c.a.d.s.b.a.DruidDataSourceAutoConfigure - [dataSource,68] - Init DruidDataSource
21:25:44.858 [main] INFO  c.a.d.p.DruidDataSource - [init,1002] - {dataSource-1} inited
21:25:45.555 [main] INFO  o.a.c.h.Http11NioProtocol - [log,168] - Starting ProtocolHandler ["http-nio-8080"]
21:25:45.574 [main] INFO  c.f.fastEasyApplication - [logStarted,59] - Started fastEasyApplication in 1.961 seconds (process running for 2.443)
21:25:51.824 [http-nio-8080-exec-1] INFO  o.a.c.c.C.[.[.[/] - [log,168] - Initializing Spring DispatcherServlet 'dispatcherServlet'
21:28:23.871 [SpringApplicationShutdownHook] INFO  c.a.d.p.DruidDataSource - [close,2204] - {dataSource-1} closing ...
21:28:23.874 [SpringApplicationShutdownHook] INFO  c.a.d.p.DruidDataSource - [close,2277] - {dataSource-1} closed
21:28:27.327 [main] INFO  c.f.fastEasyApplication - [logStarting,53] - Starting fastEasyApplication using Java 21.0.10 with PID 8916 (C:\Users\刘铭\Desktop\fast\springboot\target\classes started by 刘铭 in C:\Users\刘铭\Desktop\fast)
21:28:27.328 [main] INFO  c.f.fastEasyApplication - [logStartupProfileInfo,658] - The following 1 profile is active: "druid"
21:28:28.056 [main] INFO  o.a.c.h.Http11NioProtocol - [log,168] - Initializing ProtocolHandler ["http-nio-8080"]
21:28:28.058 [main] INFO  o.a.c.c.StandardService - [log,168] - Starting service [Tomcat]
21:28:28.058 [main] INFO  o.a.c.c.StandardEngine - [log,168] - Starting Servlet engine: [Apache Tomcat/10.1.50]
21:28:28.088 [main] INFO  o.a.c.c.C.[.[.[/] - [log,168] - Initializing Spring embedded WebApplicationContext
21:28:28.163 [main] INFO  c.a.d.s.b.a.DruidDataSourceAutoConfigure - [dataSource,68] - Init DruidDataSource
21:28:28.208 [main] INFO  c.a.d.p.DruidDataSource - [init,1002] - {dataSource-1} inited
21:28:28.843 [main] INFO  o.a.c.h.Http11NioProtocol - [log,168] - Starting ProtocolHandler ["http-nio-8080"]
21:28:28.862 [main] INFO  c.f.fastEasyApplication - [logStarted,59] - Started fastEasyApplication in 1.803 seconds (process running for 2.341)
21:28:33.520 [http-nio-8080-exec-1] INFO  o.a.c.c.C.[.[.[/] - [log,168] - Initializing Spring DispatcherServlet 'dispatcherServlet'
21:30:17.219 [SpringApplicationShutdownHook] INFO  c.a.d.p.DruidDataSource - [close,2204] - {dataSource-1} closing ...
21:30:17.221 [SpringApplicationShutdownHook] INFO  c.a.d.p.DruidDataSource - [close,2277] - {dataSource-1} closed
21:30:18.955 [main] INFO  c.f.fastEasyApplication - [logStarting,53] - Starting fastEasyApplication using Java 21.0.10 with PID 20940 (C:\Users\刘铭\Desktop\fast\springboot\target\classes started by 刘铭 in C:\Users\刘铭\Desktop\fast)
21:30:18.956 [main] INFO  c.f.fastEasyApplication - [logStartupProfileInfo,658] - The following 1 profile is active: "druid"
21:30:19.702 [main] INFO  o.a.c.h.Http11NioProtocol - [log,168] - Initializing ProtocolHandler ["http-nio-8080"]
21:30:19.703 [main] INFO  o.a.c.c.StandardService - [log,168] - Starting service [Tomcat]
21:30:19.703 [main] INFO  o.a.c.c.StandardEngine - [log,168] - Starting Servlet engine: [Apache Tomcat/10.1.50]
21:30:19.734 [main] INFO  o.a.c.c.C.[.[.[/] - [log,168] - Initializing Spring embedded WebApplicationContext
21:30:19.812 [main] INFO  c.a.d.s.b.a.DruidDataSourceAutoConfigure - [dataSource,68] - Init DruidDataSource
21:30:19.859 [main] INFO  c.a.d.p.DruidDataSource - [init,1002] - {dataSource-1} inited
21:30:20.538 [main] INFO  o.a.c.h.Http11NioProtocol - [log,168] - Starting ProtocolHandler ["http-nio-8080"]
21:30:20.559 [main] INFO  c.f.fastEasyApplication - [logStarted,59] - Started fastEasyApplication in 1.891 seconds (process running for 2.499)
21:30:27.292 [http-nio-8080-exec-1] INFO  o.a.c.c.C.[.[.[/] - [log,168] - Initializing Spring DispatcherServlet 'dispatcherServlet'
21:32:56.908 [SpringApplicationShutdownHook] INFO  c.a.d.p.DruidDataSource - [close,2204] - {dataSource-1} closing ...
21:32:56.911 [SpringApplicationShutdownHook] INFO  c.a.d.p.DruidDataSource - [close,2277] - {dataSource-1} closed
21:32:59.011 [main] INFO  c.f.fastEasyApplication - [logStarting,53] - Starting fastEasyApplication using Java 21.0.10 with PID 18720 (C:\Users\刘铭\Desktop\fast\springboot\target\classes started by 刘铭 in C:\Users\刘铭\Desktop\fast)
21:32:59.012 [main] INFO  c.f.fastEasyApplication - [logStartupProfileInfo,658] - The following 1 profile is active: "druid"
21:32:59.749 [main] INFO  o.a.c.h.Http11NioProtocol - [log,168] - Initializing ProtocolHandler ["http-nio-8080"]
21:32:59.750 [main] INFO  o.a.c.c.StandardService - [log,168] - Starting service [Tomcat]
21:32:59.750 [main] INFO  o.a.c.c.StandardEngine - [log,168] - Starting Servlet engine: [Apache Tomcat/10.1.50]
21:32:59.786 [main] INFO  o.a.c.c.C.[.[.[/] - [log,168] - Initializing Spring embedded WebApplicationContext
21:32:59.860 [main] INFO  c.a.d.s.b.a.DruidDataSourceAutoConfigure - [dataSource,68] - Init DruidDataSource
21:32:59.906 [main] INFO  c.a.d.p.DruidDataSource - [init,1002] - {dataSource-1} inited
21:33:00.569 [main] INFO  o.a.c.h.Http11NioProtocol - [log,168] - Starting ProtocolHandler ["http-nio-8080"]
21:33:00.592 [main] INFO  c.f.fastEasyApplication - [logStarted,59] - Started fastEasyApplication in 1.826 seconds (process running for 2.353)
21:34:43.688 [http-nio-8080-exec-1] INFO  o.a.c.c.C.[.[.[/] - [log,168] - Initializing Spring DispatcherServlet 'dispatcherServlet'
21:38:31.114 [SpringApplicationShutdownHook] INFO  c.a.d.p.DruidDataSource - [close,2204] - {dataSource-1} closing ...
21:38:31.117 [SpringApplicationShutdownHook] INFO  c.a.d.p.DruidDataSource - [close,2277] - {dataSource-1} closed
21:38:32.834 [main] INFO  c.f.fastEasyApplication - [logStarting,53] - Starting fastEasyApplication using Java 21.0.10 with PID 21400 (C:\Users\刘铭\Desktop\fast\springboot\target\classes started by 刘铭 in C:\Users\刘铭\Desktop\fast)
21:38:32.836 [main] INFO  c.f.fastEasyApplication - [logStartupProfileInfo,658] - The following 1 profile is active: "druid"
21:38:33.615 [main] INFO  o.a.c.h.Http11NioProtocol - [log,168] - Initializing ProtocolHandler ["http-nio-8080"]
21:38:33.616 [main] INFO  o.a.c.c.StandardService - [log,168] - Starting service [Tomcat]
21:38:33.617 [main] INFO  o.a.c.c.StandardEngine - [log,168] - Starting Servlet engine: [Apache Tomcat/10.1.50]
21:38:33.649 [main] INFO  o.a.c.c.C.[.[.[/] - [log,168] - Initializing Spring embedded WebApplicationContext
21:38:33.730 [main] INFO  c.a.d.s.b.a.DruidDataSourceAutoConfigure - [dataSource,68] - Init DruidDataSource
21:38:33.774 [main] INFO  c.a.d.p.DruidDataSource - [init,1002] - {dataSource-1} inited
21:38:34.437 [main] INFO  o.a.c.h.Http11NioProtocol - [log,168] - Starting ProtocolHandler ["http-nio-8080"]
21:38:34.454 [main] INFO  c.f.fastEasyApplication - [logStarted,59] - Started fastEasyApplication in 1.902 seconds (process running for 2.513)
21:38:38.581 [http-nio-8080-exec-3] INFO  o.a.c.c.C.[.[.[/] - [log,168] - Initializing Spring DispatcherServlet 'dispatcherServlet'
22:05:22.554 [SpringApplicationShutdownHook] INFO  c.a.d.p.DruidDataSource - [close,2204] - {dataSource-1} closing ...
22:05:22.558 [SpringApplicationShutdownHook] INFO  c.a.d.p.DruidDataSource - [close,2277] - {dataSource-1} closed
22:05:26.593 [main] INFO  c.f.fastEasyApplication - [logStarting,53] - Starting fastEasyApplication using Java 21.0.10 with PID 23160 (C:\Users\刘铭\Desktop\fast\springboot\target\classes started by 刘铭 in C:\Users\刘铭\Desktop\fast)
22:05:26.595 [main] INFO  c.f.fastEasyApplication - [logStartupProfileInfo,658] - The following 1 profile is active: "druid"
22:05:27.359 [main] INFO  o.a.c.h.Http11NioProtocol - [log,168] - Initializing ProtocolHandler ["http-nio-8080"]
22:05:27.360 [main] INFO  o.a.c.c.StandardService - [log,168] - Starting service [Tomcat]
22:05:27.360 [main] INFO  o.a.c.c.StandardEngine - [log,168] - Starting Servlet engine: [Apache Tomcat/10.1.50]
22:05:27.393 [main] INFO  o.a.c.c.C.[.[.[/] - [log,168] - Initializing Spring embedded WebApplicationContext
22:05:27.474 [main] INFO  c.a.d.s.b.a.DruidDataSourceAutoConfigure - [dataSource,68] - Init DruidDataSource
22:05:27.518 [main] INFO  c.a.d.p.DruidDataSource - [init,1002] - {dataSource-1} inited
22:05:28.179 [main] INFO  o.a.c.h.Http11NioProtocol - [log,168] - Starting ProtocolHandler ["http-nio-8080"]
22:05:28.202 [main] INFO  c.f.fastEasyApplication - [logStarted,59] - Started fastEasyApplication in 1.863 seconds (process running for 2.336)
22:05:33.483 [http-nio-8080-exec-1] INFO  o.a.c.c.C.[.[.[/] - [log,168] - Initializing Spring DispatcherServlet 'dispatcherServlet'
22:17:49.795 [SpringApplicationShutdownHook] INFO  c.a.d.p.DruidDataSource - [close,2204] - {dataSource-1} closing ...
22:17:49.799 [SpringApplicationShutdownHook] INFO  c.a.d.p.DruidDataSource - [close,2277] - {dataSource-1} closed
22:17:51.141 [main] INFO  c.f.fastEasyApplication - [logStarting,53] - Starting fastEasyApplication using Java 21.0.10 with PID 23040 (C:\Users\刘铭\Desktop\fast\springboot\target\classes started by 刘铭 in C:\Users\刘铭\Desktop\fast)
22:17:51.143 [main] INFO  c.f.fastEasyApplication - [logStartupProfileInfo,658] - The following 1 profile is active: "druid"
22:17:52.617 [main] INFO  o.a.c.h.Http11NioProtocol - [log,168] - Initializing ProtocolHandler ["http-nio-8080"]
22:17:52.619 [main] INFO  o.a.c.c.StandardService - [log,168] - Starting service [Tomcat]
22:17:52.621 [main] INFO  o.a.c.c.StandardEngine - [log,168] - Starting Servlet engine: [Apache Tomcat/10.1.50]
22:17:52.649 [main] INFO  o.a.c.c.C.[.[.[/] - [log,168] - Initializing Spring embedded WebApplicationContext
22:17:52.731 [main] INFO  c.a.d.s.b.a.DruidDataSourceAutoConfigure - [dataSource,68] - Init DruidDataSource
22:17:52.776 [main] INFO  c.a.d.p.DruidDataSource - [init,1002] - {dataSource-1} inited
22:17:53.553 [main] INFO  o.a.c.h.Http11NioProtocol - [log,168] - Starting ProtocolHandler ["http-nio-8080"]
22:17:53.571 [main] INFO  c.f.fastEasyApplication - [logStarted,59] - Started fastEasyApplication in 2.687 seconds (process running for 3.206)
22:17:56.943 [http-nio-8080-exec-1] INFO  o.a.c.c.C.[.[.[/] - [log,168] - Initializing Spring DispatcherServlet 'dispatcherServlet'
22:25:04.008 [SpringApplicationShutdownHook] INFO  c.a.d.p.DruidDataSource - [close,2204] - {dataSource-1} closing ...
22:25:04.012 [SpringApplicationShutdownHook] INFO  c.a.d.p.DruidDataSource - [close,2277] - {dataSource-1} closed
